200
1 1 72 2.25664 144 3.51327 216 
2 1 288 2.25664 0 3.51327 72 
3 1 0 2.25664 72 3.51327 144 4.76991 216 
4 2 288 3.25664 0 4.51327 72 5.76991 144 
5 4.51328 144 5.76991 216 
6 5.51328 144 6.76991 216 8.02655 288 9.28319 0 
7 3 288 4.25664 0 5.51327 72 
8 3.3 72 4.55664 144 
9 6.51328 144 7.76991 216 9.02655 288 10.2832 0 11.5398 72 
10 6.25664 72 7.51328 144 8.76991 216 10.0266 288 11.2832 0 
11 7.25664 72 8.51328 144 
12 8.25664 72 9.51328 144 10.7699 216 
13 10.5133 144 11.7699 216 13.0266 288 
14 10.2566 72 11.5133 144 12.7699 216 14.0266 288 15.2832 0 
15 11.2566 72 12.5133 144 13.7699 216 15.0266 288 
16 11.0266 288 12.2832 0 
17 12.2566 72 13.5133 144 14.7699 216 16.0266 288 
18 12.0266 288 13.2832 0 14.5398 72 15.7965 144 
19 10.6 216 11.8566 288 
20 13.0266 288 14.2832 0 15.5398 72 
21 15.7699 216 17.0266 288 18.2832 0 19.5398 72 20.7965 144 
22 16.7699 216 18.0266 288 19.2832 0 
23 14.5133 144 15.7699 216 
24 16.5133 144 17.7699 216 19.0266 288 20.2832 0 21.5398 72 
25 16.2566 72 17.5133 144 18.7699 216 
26 16 0 17.2566 72 18.5133 144 19.7699 216 21.0266 288 
27 18.2566 72 19.5133 144 
28 19.5133 144 20.7699 216 22.0266 288 23.2832 0 24.5398 72 
29 17 0 18.2566 72 
30 21.2832 0 22.5398 72 
31 22.2832 0 23.5398 72 24.7965 144 26.0531 216 
32 20.5398 72 21.7965 144 23.0531 216 24.3097 288 25.5664 0 
33 18.7699 216 20.0266 288 21.2832 0 
34 23.0266 288 24.2832 0 25.5398 72 26.7965 144 
35 25.2832 0 26.5398 72 
36 26.2832 0 27.5398 72 28.7965 144 30.0531 216 31.3097 288 
37 21.5398 72 22.7965 144 24.0531 216 
38 25.7965 144 27.0531 216 28.3097 288 29.5664 0 30.823 72 
39 22.5398 72 23.7965 144 25.0531 216 
40 26.7965 144 28.0531 216 
41 24.0531 216 25.3097 288 26.5664 0 
42 27.7965 144 29.0531 216 30.3097 288 
43 26.3097 288 27.5664 0 28.823 72 
44 29.7965 144 31.0531 216 32.3097 288 33.5664 0 
45 29.5398 72 30.7965 144 32.0531 216 
46 32.0531 216 33.3097 288 34.5664 0 35.823 72 37.0797 144 
47 30.5398 72 31.7965 144 
48 31.7965 144 33.0531 216 
49 31.5398 72 32.7965 144 
50 33.0531 216 34.3097 288 35.5664 0 36.823 72 
51 30.5664 0 31.823 72 
52 29.3097 288 30.5664 0 
53 32.7965 144 34.0531 216 35.3097 288 36.5664 0 37.823 72 
54 32.5398 72 33.7965 144 35.0531 216 
55 31.0266 288 32.2832 0 33.5398 72 34.7965 144 36.0531 216 
56 33.2832 0 34.5398 72 35.7965 144 37.0531 216 38.3098 288 
57 35.0531 216 36.3097 288 
58 36.3097 288 37.5664 0 38.823 72 
59 36.7965 144 38.0531 216 39.3098 288 
60 36.823 72 38.0797 144 
61 37.823 72 39.0797 144 
62 38.823 72 40.0797 144 41.3363 216 42.5929 288 43.8496 0 
63 36.0531 216 37.3097 288 
64 38.5664 0 39.823 72 
65 38.3098 288 39.5664 0 40.823 72 42.0797 144 
66 37.7965 144 39.0531 216 
67 39.0531 216 40.3098 288 41.5664 0 42.823 72 
68 40.5664 0 41.823 72 43.0797 144 44.3363 216 
69 42.5664 0 43.823 72 45.0797 144 
70 39.823 72 41.0797 144 42.3363 216 
71 38.7965 144 40.0531 216 41.3098 288 42.5664 0 
72 43.5929 288 44.8496 0 46.1062 72 47.3628 144 
73 43.3363 216 44.5929 288 45.8496 0 47.1062 72 48.3628 144 
74 44.0797 144 45.3363 216 46.5929 288 
75 44.823 72 46.0797 144 47.3363 216 48.5929 288 49.8496 0 
76 45.5929 288 46.8496 0 48.1062 72 49.3628 144 
77 49.1062 72 50.3628 144 51.6195 216 52.8761 288 
78 45.0797 144 46.3363 216 47.5929 288 48.8496 0 
79 43.5664 0 44.823 72 
80 46.5929 288 47.8496 0 
81 50.1062 72 51.3628 144 
82 51.1062 72 52.3628 144 53.6195 216 
83 49.5929 288 50.8496 0 52.1062 72 53.3629 144 54.6195 216 
84 47.8496 0 49.1062 72 
85 50.5929 288 51.8496 0 53.1062 72 54.3629 144 55.6195 216 
86 52.8496 0 54.1062 72 55.3629 144 56.6195 216 57.8761 288 
87 55.1062 72 56.3629 144 57.6195 216 
88 53.5929 288 54.8496 0 56.1062 72 57.3629 144 58.6195 216 
89 54.5929 288 55.8496 0 
90 55.5929 288 56.8496 0 
91 56.5929 288 57.8496 0 59.1062 72 60.3629 144 
92 47.0797 144 48.3363 216 
93 57.5929 288 58.8496 0 60.1062 72 
94 58.3629 144 59.6195 216 60.8761 288 62.1328 0 63.3894 72 
95 48.3363 216 49.5929 288 
96 49.3363 216 50.5929 288 
97 60.1062 72 61.3629 144 62.6195 216 63.8761 288 65.1328 0 
98 58.5929 288 59.8496 0 61.1062 72 62.3629 144 63.6195 216 
99 55.8496 0 57.1062 72 58.3629 144 
100 62.1062 72 63.3629 144 64.6195 216 65.8761 288 67.1328 0 
101 59.3629 144 60.6195 216 61.8761 288 63.1328 0 
102 58.3363 216 59.5929 288 60.8496 0 62.1062 72 
103 63.1062 72 64.3629 144 65.6195 216 66.8761 288 68.1328 0 
104 63.1328 0 64.3894 72 65.646 144 66.9027 216 68.1593 288 
105 65.3894 72 66.646 144 67.9027 216 
106 66.3894 72 67.646 144 
107 67.9027 216 69.1593 288 70.416 0 71.6726 72 72.9292 144 
108 67.646 144 68.9027 216 70.1593 288 71.416 0 72.6726 72 
109 69.9027 216 71.1593 288 
110 70.9027 216 72.1593 288 
111 70.646 144 71.9027 216 73.1593 288 74.416 0 75.6726 72 
112 69.1328 0 70.3894 72 71.646 144 72.9027 216 74.1593 288 
113 72.6726 72 73.9292 144 75.1859 216 76.4425 288 
114 72.416 0 73.6726 72 
115 74.1593 288 75.416 0 76.6726 72 77.9292 144 79.1859 216 
116 72.646 144 73.9027 216 75.1593 288 76.416 0 77.6726 72 
117 74.9292 144 76.1859 216 
118 73.416 0 74.6726 72 75.9292 144 
119 77.416 0 78.6726 72 79.9292 144 81.1859 216 
120 75.6726 72 76.9292 144 78.1859 216 79.4425 288 
121 78.416 0 79.6726 72 80.9292 144 82.1859 216 83.4425 288 
122 75.9292 144 77.1859 216 78.4425 288 79.6991 0 
123 79.1859 216 80.4425 288 81.6991 0 82.9558 72 
124 78.9292 144 80.1859 216 
125 80.6726 72 81.9292 144 83.1859 216 84.4425 288 
126 80.1859 216 81.4425 288 82.6991 0 
127 76.1593 288 77.416 0 
128 82.9292 144 84.1859 216 85.4425 288 86.6991 0 
129 77.1593 288 78.416 0 
130 82.6991 0 83.9558 72 85.2124 144 86.4691 216 87.7257 288 
131 82.6726 72 83.9292 144 85.1859 216 
132 84.9558 72 86.2124 144 87.4691 216 88.7257 288 
133 85.1859 216 86.4425 288 87.6991 0 88.9558 72 90.2124 144 
134 84.6991 0 85.9558 72 87.2124 144 88.4691 216 
135 88.2124 144 89.4691 216 
136 88.6991 0 89.9558 72 91.2124 144 92.4691 216 93.7257 288 
137 88.4691 216 89.7257 288 
138 89.2124 144 90.4691 216 91.7257 288 
139 90.2124 144 91.4691 216 
140 88.4425 288 89.6992 0 90.9558 72 92.2124 144 
141 92.2124 144 93.4691 216 
142 89.4691 216 90.7257 288 91.9823 0 93.239 72 94.4956 144 
143 90.6992 0 91.9558 72 93.2124 144 94.4691 216 95.7257 288 
144 91.7257 288 92.9823 0 94.239 72 95.4956 144 96.7522 216 
145 95.239 72 96.4956 144 97.7522 216 
146 94.9823 0 96.239 72 97.4956 144 98.7522 216 100.009 288 
147 92.7257 288 93.9823 0 
148 97.239 72 98.4956 144 99.7522 216 101.009 288 102.266 0 
149 91.4691 216 92.7257 288 
150 96.9823 0 98.239 72 99.4956 144 100.752 216 
151 94.2124 144 95.4691 216 
152 99.239 72 100.496 144 
153 100.239 72 101.496 144 
154 93.4691 216 94.7257 288 95.9823 0 97.239 72 
155 95.4691 216 96.7257 288 97.9823 0 99.239 72 
156 101.239 72 102.496 144 
157 96.4691 216 97.7257 288 98.9823 0 100.239 72 
158 100.982 0 102.239 72 103.496 144 104.752 216 
159 97.4691 216 98.7257 288 
160 100.496 144 101.752 216 103.009 288 104.266 0 
161 101.496 144 102.752 216 104.009 288 105.266 0 106.522 72 
162 102.009 288 103.266 0 104.522 72 105.779 144 107.035 216 
163 103.239 72 104.496 144 105.752 216 107.009 288 108.266 0 
164 105.522 72 106.779 144 108.035 216 
165 106.266 0 107.522 72 108.779 144 
166 102.496 144 103.752 216 105.009 288 106.266 0 
167 106.009 288 107.266 0 108.522 72 
168 106.522 72 107.779 144 109.035 216 110.292 288 
169 108.009 288 109.266 0 110.522 72 111.779 144 113.035 216 
170 108.266 0 109.522 72 
171 110.266 0 111.522 72 112.779 144 
172 108.522 72 109.779 144 111.035 216 
173 109.522 72 110.779 144 112.035 216 
174 112.522 72 113.779 144 115.035 216 116.292 288 117.549 0 
175 113.522 72 114.779 144 116.035 216 117.292 288 
176 110.009 288 111.266 0 112.522 72 
177 112.009 288 113.266 0 114.522 72 115.779 144 117.035 216 
178 113.009 288 114.266 0 115.522 72 116.779 144 118.035 216 
179 115.266 0 116.522 72 117.779 144 119.035 216 120.292 288 
180 100.752 216 102.009 288 
181 113.752 216 115.009 288 116.266 0 117.522 72 
182 108.779 144 110.035 216 111.292 288 
183 114.009 288 115.266 0 
184 117.266 0 118.522 72 119.779 144 
185 118.779 144 120.035 216 121.292 288 122.549 0 
186 119.522 72 120.779 144 122.035 216 123.292 288 124.549 0 
187 119.779 144 121.035 216 122.292 288 123.549 0 124.805 72 
188 121.779 144 123.035 216 124.292 288 125.549 0 126.805 72 
189 118.266 0 119.522 72 
190 122.779 144 124.035 216 125.292 288 126.549 0 
191 122.522 72 123.779 144 125.035 216 126.292 288 
192 122.266 0 123.522 72 124.779 144 126.035 216 127.292 288 
193 118.009 288 119.266 0 120.522 72 
194 124.549 0 125.805 72 127.062 144 
195 126.549 0 127.805 72 
196 124.522 72 125.779 144 127.035 216 
197 127.549 0 128.805 72 130.062 144 131.319 216 132.575 288 
198 119.009 288 120.266 0 121.522 72 
199 117.035 216 118.292 288 
200 120.009 288 121.266 0 
