200
1 0.7 180 2.2708 270 3.84159 0 
2 1.7 180 3.2708 270 4.84159 0 6.41239 90 
3 1.3 90 2.8708 180 4.44159 270 
4 2.3 90 3.8708 180 5.44159 270 7.01239 0 
5 4.8708 180 6.44159 270 8.01239 0 
6 5.8708 180 7.44159 270 
7 6.8708 180 8.44159 270 10.0124 0 11.5832 90 
8 7.8708 180 9.44159 270 
9 9.44159 270 11.0124 0 
10 7.3 90 8.8708 180 10.4416 270 12.0124 0 
11 11.4416 270 13.0124 0 
12 7.6 0 9.1708 90 10.7416 180 
13 10.1708 90 11.7416 180 13.3124 270 14.8832 0 
14 11.1708 90 12.7416 180 14.3124 270 15.8832 0 
15 15.3124 270 16.8832 0 18.454 90 20.0248 180 
16 17.8832 0 19.454 90 21.0248 180 
17 12.1718 90 13.7426 180 15.3134 270 
18 18.8832 0 20.454 90 
19 16.3124 270 17.8832 0 
20 19.8832 0 21.454 90 23.0248 180 
21 19.3124 270 20.8832 0 22.454 90 24.0248 180 
22 20.3124 270 21.8832 0 23.454 90 25.0248 180 
23 22.8832 0 24.454 90 26.0248 180 
24 22.3124 270 23.8832 0 25.454 90 
25 24.8832 0 26.454 90 
26 25.8832 0 27.454 90 29.0248 180 
27 14.8 90 16.3708 180 17.9416 270 
28 21.7416 180 23.3124 270 24.8832 0 
29 23.7416 180 25.3124 270 26.8832 0 28.454 90 
30 15.801 90 17.3718 180 
31 28.454 90 30.0248 180 31.5956 270 33.1664 0 
32 27.8832 0 29.454 90 
33 29.454 90 31.0248 180 32.5956 270 34.1664 0 
34 26.7424 270 29.8818 0 31.4526 90 33.0234 180 
35 28.743 270 31.8769 0 
36 32.0248 180 33.5956 270 35.1664 0 
37 34.5956 270 36.1664 0 
38 34.0248 180 35.5956 270 37.1664 0 
39 33.454 90 35.0248 180 36.5956 270 
40 34.454 90 36.0248 180 37.5956 270 39.1664 0 
41 37.0248 180 38.5956 270 40.1664 0 
42 38.0248 180 39.5956 270 41.1664 0 42.7372 90 
43 39.0248 180 40.5956 270 
44 40.5956 270 42.1664 0 43.7372 90 45.308 180 
45 35.455 90 37.0258 180 
46 40.0248 180 41.5956 270 43.1664 0 44.7372 90 
47 42.5956 270 44.1664 0 
48 42.0248 180 43.5956 270 45.1664 0 
49 44.5956 270 46.1664 0 
50 44.7372 90 46.308 180 
51 44.0248 180 45.5956 270 47.1664 0 
52 45.7372 90 47.308 180 48.8788 270 
53 45.0258 180 46.5966 270 48.1674 0 49.7382 90 
54 37.8842 0 39.455 90 41.0248 180 42.5956 270 
55 38.8852 0 40.456 90 42.0268 180 
56 46.7372 90 48.308 180 49.8788 270 
57 47.5966 270 49.1674 0 50.7382 90 
58 39.8872 0 41.458 90 43.0248 180 44.5956 270 
59 50.1674 0 51.7382 90 
60 51.1674 0 52.7382 90 54.309 180 
61 52.1674 0 53.7382 90 55.309 180 
62 53.1674 0 54.7382 90 56.309 180 57.8798 270 
63 54.1674 0 55.7382 90 57.309 180 
64 57.309 180 58.8798 270 60.4506 0 
65 55.1674 0 56.7382 90 58.309 180 59.8798 270 
66 56.1674 0 57.7382 90 59.309 180 60.8798 270 
67 60.309 180 61.8798 270 
68 47.7382 90 49.309 180 50.8798 270 
69 48.5976 270 50.1684 0 
70 59.8798 270 61.4506 0 63.0214 90 64.5921 180 
71 60.8798 270 62.4506 0 
72 61.8798 270 63.4506 0 65.0214 90 
73 61.309 180 62.8798 270 
74 48.7392 90 50.31 180 
75 62.309 180 63.8798 270 65.4506 0 
76 49.7402 90 51.311 180 
77 64.8798 270 66.4506 0 68.0214 90 
78 65.8798 270 67.4506 0 
79 66.8798 270 68.4506 0 
80 67.8798 270 69.4506 0 
81 68.8798 270 70.4506 0 
82 57.1684 0 58.7392 90 
83 69.8798 270 71.4506 0 
84 60.0064 0 61.5772 90 63.591 180 65.1618 270 
85 67.4506 0 69.0214 90 70.5921 180 72.1629 270 
86 70.8798 270 72.4506 0 74.0214 90 
87 71.5921 180 73.1629 270 74.7337 0 
88 71.8808 270 73.4516 0 75.0224 90 
89 74.1629 270 75.7337 0 77.3045 90 78.8753 180 
90 73.5921 180 75.1629 270 76.7337 0 
91 68.4516 0 70.0224 90 71.5931 180 
92 74.5921 180 76.1629 270 77.7337 0 
93 77.1629 270 78.7337 0 80.3045 90 
94 69.4526 0 71.0234 90 
95 70.4536 0 72.0244 90 73.5951 180 
96 74.4516 0 76.0224 90 
97 76.7346 0 78.3054 90 79.8761 180 
98 50.7412 90 52.312 180 53.8828 270 55.4536 0 
99 75.5921 180 77.1629 270 
100 79.3054 90 80.8761 180 82.4469 270 84.0177 0 
101 79.7337 0 81.3045 90 82.8753 180 84.4461 270 
102 80.7337 0 82.3045 90 
103 79.5929 270 82.7323 0 84.3031 90 85.8739 180 
104 82.3055 90 83.8763 180 85.4471 270 
105 84.8763 180 86.4471 270 88.0179 0 89.5887 90 
106 85.8763 180 87.4471 270 89.0179 0 
107 83.4479 270 85.0187 0 86.5895 90 
108 84.4489 270 86.0197 0 
109 88.4471 270 90.0179 0 91.5887 90 93.1595 180 
110 89.4471 270 91.0179 0 92.5887 90 
111 83.7327 0 85.3035 90 
112 92.5887 90 94.1595 180 95.7303 270 
113 86.8773 180 88.4481 270 
114 93.5887 90 95.1595 180 96.7303 270 
115 96.1595 180 97.7303 270 99.3011 0 
116 90.4481 270 92.0189 0 93.5897 90 
117 91.4491 270 93.0199 0 94.5907 90 96.1615 180 
118 97.1595 180 98.7303 270 100.301 0 101.872 90 
119 92.4501 270 94.0209 0 95.5917 90 97.1625 180 
120 93.4511 270 95.0219 0 96.5927 90 
121 98.1595 180 99.7303 270 101.301 0 
122 99.1595 180 100.73 270 102.301 0 103.872 90 
123 94.4521 270 96.0229 0 97.5937 90 
124 100.16 180 101.73 270 
125 95.4531 270 97.0239 0 98.5947 90 100.166 180 
126 99.5947 90 101.166 180 102.736 270 
127 86.0187 0 87.5895 90 89.1603 180 
128 96.4541 270 98.0249 0 99.5957 90 
129 101.73 270 103.301 0 
130 102.166 180 103.736 270 
131 103.301 0 104.872 90 106.443 180 
132 104.301 0 105.872 90 
133 103.73 270 105.301 0 106.872 90 108.443 180 
134 103.166 180 104.736 270 106.307 0 107.878 90 
135 104.166 180 105.736 270 107.307 0 
136 107.307 0 108.878 90 110.449 180 112.02 270 
137 106.736 270 108.307 0 109.878 90 111.449 180 
138 105.167 180 106.737 270 
139 107.872 90 109.443 180 111.014 270 112.584 0 
140 107.737 270 109.308 0 110.879 90 
141 110.878 90 112.449 180 114.02 270 115.59 0 
142 110.308 0 111.879 90 113.45 180 
143 112.879 90 114.45 180 116.021 270 
144 112.308 0 113.879 90 115.45 180 
145 114.879 90 116.45 180 118.021 270 
146 115.879 90 117.45 180 
147 116.879 90 118.45 180 120.021 270 
148 108.738 270 110.309 0 
149 115.02 270 116.59 0 118.161 90 
150 117.59 0 119.161 90 120.732 180 
151 118.59 0 120.161 90 
152 116.02 270 117.59 0 
153 117.88 90 119.451 180 121.022 270 
154 120.161 90 121.732 180 123.303 270 
155 122.732 180 124.303 270 125.873 0 127.444 90 
156 126.873 0 128.444 90 130.015 180 
157 121.591 90 124.73 180 126.301 270 127.872 0 
158 125.73 180 127.301 270 
159 126.73 180 128.301 270 129.872 0 131.443 90 
160 127.73 180 129.301 270 
161 127.874 0 129.445 90 
162 126.998 90 129.014 180 130.585 270 
163 130.014 180 131.585 270 
164 130.872 0 132.443 90 134.014 180 135.584 270 
165 133.443 90 135.014 180 
166 132.872 0 134.443 90 136.014 180 137.584 270 
167 137.014 180 138.584 270 140.155 0 141.726 90 
168 136.443 90 138.014 180 139.584 270 
169 117.021 270 118.591 0 
170 135.302 0 138.441 90 140.012 180 141.583 270 
171 141.012 180 142.583 270 144.154 0 145.725 90 
172 142.012 180 143.583 270 
173 139.441 90 141.012 180 
174 140.441 90 142.012 180 
175 141.441 90 143.012 180 
176 145.154 0 146.725 90 148.295 180 
177 146.154 0 147.725 90 149.295 180 150.866 270 
178 118.88 270 120.45 0 123.59 90 126.729 180 
179 147.154 0 148.725 90 150.295 180 
180 142.442 90 144.013 180 145.584 270 147.155 0 
181 148.154 0 149.725 90 151.295 180 152.866 270 
182 139.73 270 141.301 0 144.442 90 146.013 180 
183 140.731 270 142.302 0 
184 145.013 180 146.584 270 
185 152.295 180 153.866 270 155.437 0 157.008 90 
186 154.866 270 156.437 0 158.008 90 159.579 180 
187 154.295 180 155.866 270 157.437 0 
188 156.866 270 158.437 0 160.008 90 161.579 180 
189 157.866 270 159.437 0 161.008 90 162.579 180 
190 145.443 90 147.014 180 148.584 270 150.155 0 
191 153.155 90 156.294 180 157.865 270 
192 158.866 270 160.437 0 162.008 90 163.579 180 
193 158.295 180 159.866 270 161.437 0 
194 159.295 180 160.866 270 
195 160.866 270 162.437 0 
196 155.154 90 158.291 180 
197 160.295 180 161.866 270 163.437 0 165.008 90 
198 163.008 90 164.579 180 166.149 270 167.72 0 
199 161.296 180 162.867 270 
200 164.008 90 165.579 180 167.149 270 
