200
1 0 72 1.25664 144 2.51327 216 
2 0.2 288 1.45664 0 2.71327 72 
3 2.45664 0 3.71327 72 4.96991 144 6.22655 216 
4 2.2 288 3.45664 0 4.71327 72 5.96991 144 
5 2.257 144 3.51364 216 
6 3.257 144 4.51364 216 5.77027 288 7.02691 0 
7 3.2 288 4.45664 0 5.71327 72 
8 5.71327 72 6.96991 144 
9 5.96991 144 7.22655 216 8.48319 288 9.73982 0 10.9965 72 
10 6.71327 72 7.96991 144 9.22655 216 10.4832 288 11.7398 0 
11 7.71327 72 8.96991 144 
12 8.71327 72 9.96991 144 11.2265 216 
13 10.9699 144 12.2265 216 13.4832 288 
14 10.7133 72 11.9699 144 13.2265 216 14.4832 288 15.7398 0 
15 11.7133 72 12.9699 144 14.2265 216 15.4832 288 
16 11.4832 288 12.7398 0 
17 12.7133 72 13.9699 144 15.2265 216 16.4832 288 
18 12.4832 288 13.7398 0 14.9965 72 16.2531 144 
19 10.6 216 11.8566 288 
20 13.4832 288 14.7398 0 15.9965 72 
21 16.2265 216 17.4832 288 18.7398 0 19.9965 72 21.2531 144 
22 17.2265 216 18.4832 288 19.7398 0 
23 14.9699 144 16.2265 216 
24 16.9699 144 18.2265 216 19.4832 288 20.7398 0 21.9965 72 
25 20.9965 72 22.2531 144 23.5097 216 
26 15.7398 0 16.9965 72 18.2531 144 19.5097 216 20.7664 288 
27 21.9965 72 23.2531 144 
28 19.2541 144 20.5107 216 21.7674 288 23.024 0 24.2806 72 
29 16.7408 0 17.9975 72 
30 24.024 0 25.2806 72 
31 25.024 0 26.2806 72 27.5373 144 28.7939 216 
32 22.9965 72 24.2531 144 25.5097 216 26.7664 288 28.023 0 
33 21.5107 216 22.7674 288 24.024 0 
34 27.7664 288 29.023 0 30.2796 72 31.5363 144 
35 26.025 0 27.2816 72 
36 27.025 0 28.2816 72 29.5383 144 30.7949 216 32.0516 288 
37 23.9965 72 25.2531 144 26.5097 216 
38 26.2531 144 27.5097 216 28.7664 288 30.023 0 31.2796 72 
39 27.2806 72 28.5373 144 29.7939 216 
40 30.5383 144 31.7949 216 
41 22.5107 216 23.7674 288 25.024 0 
42 31.5383 144 32.7949 216 34.0516 288 
43 29.7664 288 31.023 0 32.2796 72 
44 32.5383 144 33.7949 216 35.0516 288 36.3082 0 
45 32.2816 72 33.5383 144 34.7949 216 
46 29.4367 216 31.0508 288 32.3075 0 33.5641 72 34.8207 144 
47 34.5641 72 35.8207 144 
48 34.5383 144 35.7949 216 
49 35.5641 72 36.8207 144 
50 34.7949 216 36.0516 288 37.3082 0 38.5648 72 
51 33.308 0 34.5646 72 
52 32.0518 288 33.3085 0 
53 35.5383 144 36.7949 216 38.0516 288 39.3082 0 40.5648 72 
54 36.5641 72 37.8207 144 39.0774 216 
55 39.0516 288 40.3082 0 41.5648 72 42.8215 144 44.0781 216 
56 41.3082 0 42.5648 72 43.8215 144 45.0781 216 46.3347 288 
57 37.7959 216 39.0526 288 
58 41.0516 288 42.3082 0 43.5648 72 
59 44.8215 144 46.0781 216 47.3347 288 
60 37.5651 72 38.8217 144 
61 38.5661 72 39.8227 144 
62 39.5671 72 40.8237 144 42.0804 216 43.337 288 44.5936 0 
63 38.7969 216 40.0536 288 
64 43.3082 0 44.5648 72 
65 44.337 288 45.5936 0 46.8503 72 48.1069 144 
66 45.8215 144 47.0781 216 
67 47.0781 216 48.3347 288 49.5914 0 50.848 72 
68 44.3092 0 45.5658 72 46.8225 144 48.0791 216 
69 46.5946 0 47.8513 72 49.1079 144 
70 48.8513 72 50.1079 144 51.3646 216 
71 51.1079 144 52.3646 216 53.6212 288 54.8778 0 
72 49.3357 288 50.5924 0 51.849 72 53.1057 144 
73 48.8231 216 51.3333 288 52.5899 0 53.8465 72 55.1032 144 
74 52.1079 144 53.3646 216 54.6212 288 
75 54.8465 72 56.1032 144 57.3598 216 58.6164 288 59.8731 0 
76 59.6164 288 60.8731 0 62.1297 72 63.3864 144 
77 55.8475 72 57.1042 144 58.3608 216 59.6174 288 
78 53.1089 144 54.3656 216 55.6222 288 56.8788 0 
79 47.5956 0 48.8523 72 
80 60.6164 288 61.8731 0 
81 56.8485 72 58.1052 144 
82 63.1297 72 64.3864 144 65.643 216 
83 61.6164 288 62.8731 0 64.1297 72 65.3864 144 66.643 216 
84 53.5909 0 54.8475 72 
85 62.6164 288 63.8731 0 65.1297 72 66.3864 144 67.643 216 
86 56.3359 0 58.8461 72 60.1027 144 61.3593 216 62.616 288 
87 66.1297 72 67.3864 144 68.643 216 
88 64.6164 288 65.8731 0 67.1297 72 68.3864 144 69.643 216 
89 65.6164 288 66.8731 0 
90 66.6164 288 67.8731 0 
91 67.6164 288 68.8731 0 70.1297 72 71.3864 144 
92 54.1099 144 55.3666 216 
93 68.6164 288 69.8731 0 71.1297 72 
94 69.3864 144 70.643 216 71.8996 288 73.1563 0 74.4129 72 
95 51.0036 216 52.6177 288 
96 55.3666 216 56.6232 288 
97 71.1297 72 72.3864 144 73.643 216 74.8996 288 76.1563 0 
98 69.6174 288 70.8741 0 72.1307 72 73.3874 144 74.644 216 
99 58.3344 0 60.8397 72 62.0963 144 
100 73.1307 72 74.3874 144 75.644 216 76.9006 288 78.1573 0 
101 70.3874 144 71.644 216 72.9006 288 74.1573 0 
102 69.2888 216 70.898 288 72.1546 0 73.4113 72 
103 74.1307 72 75.3874 144 76.644 216 77.9006 288 79.1573 0 
104 74.1563 0 75.4129 72 76.6695 144 77.9262 216 79.1828 288 
105 76.4129 72 77.6695 144 78.9262 216 
106 77.4129 72 78.6695 144 
107 74.643 216 75.8996 288 77.1563 0 78.4129 72 79.6695 144 
108 78.6695 144 79.9262 216 81.1828 288 82.4395 0 83.6961 72 
109 78.9262 216 80.1828 288 
110 80.9262 216 82.1828 288 
111 80.6695 144 81.9262 216 83.1828 288 84.4395 0 85.6961 72 
112 78.9003 0 80.1569 72 82.6671 144 83.9237 216 85.1803 288 
113 82.1544 72 84.6646 144 85.9212 216 87.1779 288 
114 79.9003 0 81.1569 72 
115 84.1828 288 85.4395 0 86.6961 72 87.9527 144 89.2094 216 
116 85.6646 144 86.9212 216 88.1779 288 89.4345 0 90.6911 72 
117 86.6646 144 87.9212 216 
118 86.4403 0 87.6969 72 88.9535 144 
119 87.4403 0 88.6969 72 89.9535 144 91.2102 216 
120 89.6969 72 90.9535 144 92.2102 216 93.4668 288 
121 90.4345 0 91.6911 72 92.9478 144 94.2044 216 95.461 288 
122 93.9478 144 95.2044 216 96.461 288 97.7177 0 
123 88.6647 216 89.9213 288 92.434 0 93.6907 72 
124 94.9478 144 96.2044 216 
125 94.6911 72 95.9478 144 97.2044 216 98.461 288 
126 90.6647 216 91.9213 288 94.4317 0 
127 85.1828 288 86.4395 0 
128 96.9478 144 98.2044 216 99.461 288 100.718 0 
129 86.1828 288 87.4395 0 
130 95.4345 0 96.6911 72 97.9478 144 99.2044 216 100.461 288 
131 97.6911 72 98.9478 144 100.204 216 
132 98.6911 72 99.9478 144 101.204 216 102.461 288 
133 100.204 216 101.461 288 102.718 0 103.974 72 105.231 144 
134 98.1785 0 100.689 72 101.945 144 103.202 216 
135 102.945 144 104.202 216 
136 100.177 0 102.682 72 103.97 144 105.227 216 106.483 288 
137 102.204 216 103.461 288 
138 104.97 144 106.227 216 107.483 288 
139 105.97 144 107.227 216 
140 102.461 288 103.718 0 104.974 72 106.231 144 
141 106.97 144 108.227 216 
142 103.204 216 104.461 288 105.718 0 106.974 72 108.231 144 
143 106.718 0 107.974 72 109.231 144 110.488 216 111.744 288 
144 106.461 288 107.718 0 108.974 72 110.231 144 111.488 216 
145 109.974 72 111.231 144 112.488 216 
146 109.718 0 110.974 72 112.231 144 113.488 216 114.744 288 
147 107.461 288 108.718 0 
148 111.974 72 113.231 144 114.488 216 115.744 288 117.001 0 
149 104.204 216 105.461 288 
150 111.718 0 112.974 72 114.231 144 115.488 216 
151 107.97 144 109.227 216 
152 113.974 72 115.231 144 
153 114.974 72 116.231 144 
154 115.488 216 116.744 288 118.001 0 119.257 72 
155 116.488 216 117.744 288 119.001 0 120.257 72 
156 115.974 72 117.231 144 
157 117.488 216 118.744 288 120.001 0 121.257 72 
158 115.462 0 117.972 72 119.228 144 120.485 216 
159 118.488 216 119.744 288 
160 120.228 144 121.485 216 122.742 288 123.998 0 
161 121.228 144 122.485 216 123.742 288 124.998 0 126.255 72 
162 119.744 288 121.001 0 122.257 72 123.514 144 124.771 216 
163 120.899 72 122.511 144 123.768 216 125.024 288 126.281 0 
164 123.257 72 124.514 144 125.771 216 
165 122.745 0 125.255 72 126.512 144 
166 125.514 144 126.771 216 128.027 288 129.284 0 
167 126.024 288 127.281 0 128.538 72 
168 126.255 72 127.512 144 128.768 216 130.025 288 
169 127.024 288 128.281 0 129.538 72 130.794 144 132.051 216 
170 125.998 0 127.255 72 
171 129.281 0 130.538 72 131.794 144 
172 127.255 72 128.512 144 129.768 216 
173 128.255 72 129.512 144 130.768 216 
174 131.538 72 132.794 144 134.051 216 135.307 288 136.564 0 
175 132.538 72 133.794 144 135.051 216 136.307 288 
176 129.027 288 130.284 0 131.541 72 
177 130.768 288 132.025 0 134.535 72 135.791 144 137.048 216 
178 132.767 288 134.024 0 136.525 72 137.781 144 139.038 216 
179 136.014 0 138.514 72 139.771 144 141.028 216 142.284 288 
180 119.488 216 120.744 288 
181 136.051 216 137.307 288 138.564 0 139.821 72 
182 140.771 144 142.028 216 143.284 288 
183 133.767 288 135.024 0 
184 139.564 0 140.821 72 142.077 144 
185 141.771 144 143.028 216 144.284 288 145.541 0 
186 141.821 72 143.077 144 144.334 216 145.591 288 146.847 0 
187 144.077 144 145.334 216 146.591 288 147.847 0 149.104 72 
188 145.077 144 146.334 216 147.591 288 148.847 0 150.104 72 
189 140.564 0 141.821 72 
190 146.077 144 147.334 216 148.591 288 149.847 0 
191 145.821 72 147.077 144 148.334 216 149.591 288 
192 149.847 0 151.104 72 152.361 144 153.617 216 154.874 288 
193 140.051 288 142.562 0 143.819 72 
194 150.847 0 152.104 72 153.361 144 
195 151.847 0 153.104 72 
196 146.821 72 148.077 144 149.334 216 
197 152.847 0 154.104 72 155.361 144 156.617 216 157.874 288 
198 142.055 288 144.536 0 145.793 72 
199 137.051 216 138.307 288 
200 149.591 288 150.847 0 
