100
1 0.1 0 1.6708 90 
2 0.6 90 2.1708 180 3.74159 270 
3 1.6 90 3.1708 180 
4 1.6 0 3.1708 90 4.74159 180 6.31239 270 
5 4.1708 90 5.74159 180 
6 5.1708 90 6.74159 180 8.31239 270 9.35959 0 
7 6.1708 90 7.74159 180 9.31239 270 
8 5.6 0 7.1708 90 8.74159 180 10.3124 270 
9 8.1708 90 9.74159 180 
10 9.1708 90 10.7416 180 12.3124 270 13.3596 0 
11 8.6 0 10.1708 90 11.7416 180 
12 9.6 0 11.1708 90 12.7416 180 14.3124 270 
13 10.6 0 12.1708 90 13.7416 180 15.3124 270 
14 14.7416 180 16.3124 270 17.3596 0 
15 11.6 0 13.1708 90 14.7416 180 
16 10.977 270 12.6915 0 14.2623 90 
17 13.6915 0 15.2623 90 16.8331 180 18.4038 270 
18 16.2623 90 17.8331 180 19.4038 270 20.451 0 
19 17.2623 90 18.8331 180 20.4038 270 
20 15.7426 180 17.3134 270 
21 20.0705 270 21.1177 0 22.6885 90 24.2593 180 
22 19.8331 180 21.4038 270 
23 20.7372 270 22.1177 0 23.6885 90 
24 20.8331 180 22.4038 270 23.7844 0 25.3552 90 
25 19.6923 90 22.8317 180 24.4025 270 
26 23.6885 90 25.2593 180 
27 23.2827 270 24.8535 0 
28 24.6885 90 26.2593 180 27.8301 270 
29 24.2827 270 25.8535 0 27.4243 90 
30 26.8535 0 28.4243 90 29.9951 180 31.5659 270 
31 30.9951 180 32.5659 270 
32 25.6895 90 27.2603 180 28.8311 270 
33 26.6905 90 28.2613 180 
34 30.4243 90 31.9951 180 33.5659 270 
35 31.4243 90 32.9951 180 34.5659 270 36.1367 0 
36 33.9951 180 35.5659 270 37.1367 0 
37 30.8535 0 32.4243 90 33.9951 180 
38 31.8535 0 33.4243 90 
39 33.4243 90 34.9951 180 36.5659 270 38.1367 0 
40 34.4243 90 35.9951 180 37.5659 270 39.1367 0 
41 33.8535 0 35.4243 90 36.9951 180 
42 36.4243 90 37.9951 180 39.5659 270 41.1367 0 
43 37.4243 90 38.9951 180 40.5659 270 42.1367 0 
44 25.2837 270 26.8545 0 
45 36.8535 0 38.4243 90 39.9951 180 
46 39.4243 90 40.9951 180 
47 40.4243 90 41.9951 180 43.5659 270 
48 41.4243 90 42.9951 180 
49 40.8535 0 42.4243 90 43.9951 180 
50 39.9961 180 41.5669 270 43.1377 0 44.7085 90 
51 43.4243 90 44.9951 180 46.5659 270 48.1367 0 
52 41.8545 0 43.4253 90 
53 44.1377 0 45.7085 90 47.2793 180 48.8501 270 
54 45.1377 0 46.7085 90 48.2793 180 
55 44.4253 90 45.9961 180 47.5669 270 49.1377 0 
56 46.1377 0 47.7085 90 49.2793 180 
57 48.7085 90 50.2793 180 
58 49.7085 90 51.2793 180 
59 48.5669 270 50.1377 0 51.7085 90 53.2793 180 
60 52.7085 90 54.2793 180 
61 53.7085 90 55.2793 180 
62 49.5669 270 51.1377 0 
63 53.1377 0 54.7085 90 56.2793 180 
64 52.5669 270 54.1377 0 55.7085 90 
65 42.9961 180 44.5669 270 
66 53.5669 270 55.1377 0 56.7085 90 
67 56.1377 0 57.7085 90 
68 57.1377 0 58.7085 90 60.2793 180 
69 54.5669 270 56.1377 0 
70 54.9961 180 56.5669 270 58.1377 0 59.7085 90 
71 55.9961 180 57.5669 270 
72 59.1377 0 60.7085 90 62.2793 180 
73 61.7085 90 63.2793 180 
74 62.7085 90 64.2793 180 65.8501 270 
75 58.5669 270 60.1377 0 61.7085 90 
76 62.1377 0 63.7085 90 65.2793 180 66.8501 270 
77 66.2793 180 67.8501 270 69.4209 0 
78 59.5679 270 61.1377 0 62.7085 90 
79 67.2793 180 68.8501 270 70.4209 0 
80 60.9963 270 64.1374 0 65.7082 90 
81 65.1374 0 66.7082 90 68.279 180 
82 68.2793 180 69.8501 270 71.4209 0 72.9917 90 
83 63.996 270 67.1371 0 68.7079 90 
84 69.2793 180 70.8501 270 72.4209 0 
85 70.2793 180 71.8501 270 
86 69.7085 90 71.2793 180 72.8501 270 74.4209 0 
87 70.7085 90 72.2793 180 73.8501 270 75.4209 0 
88 74.8501 270 76.4209 0 77.9917 90 79.5625 180 
89 75.8501 270 77.4209 0 78.9917 90 
90 75.2793 180 76.8501 270 78.4209 0 
91 69.9761 0 71.9915 90 73.5623 180 75.1331 270 
92 77.8501 270 79.4209 0 80.9917 90 82.5625 180 
93 77.2793 180 78.8501 270 80.4209 0 81.9917 90 
94 79.8501 270 81.4209 0 
95 72.4219 0 73.9927 90 75.5635 180 
96 79.2793 180 80.8501 270 82.4209 0 
97 81.8501 270 83.4209 0 
98 80.2793 180 81.8501 270 
99 72.9925 90 74.5633 180 
100 81.9917 90 83.5625 180 
