1 0.2 0 1.2472 60 
2 0.3 180 1.3472 240 2.3944 300 3.44159 0 4.48879 60 5.53599 120 
3 0.4 300 1.4472 0 2.4944 60 3.54159 120 4.58879 180 5.63599 240 
4 0.5 120 1.5472 180 2.5944 240 
5 4.44159 0 5.48879 60 6.53599 120 7.58319 180 
6 3.3944 300 4.44159 0 
7 6.48879 60 7.53599 120 8.58319 180 9.63038 240 
8 8.53599 120 9.58319 180 10.6304 240 11.6776 300 12.7248 0 
9 9.53599 120 10.5832 180 11.6304 240 12.6776 300 13.7248 0 14.772 60 
10 10.536 120 11.5832 180 12.6304 240 
11 11.536 120 12.5832 180 13.6304 240 14.6776 300 15.7248 0 16.772 60 
12 14.6304 240 15.6776 300 
13 5.9 180 6.9472 240 7.9944 300 9.04159 0 10.0888 60 
14 17.772 60 18.8192 120 19.8664 180 
15 20.8664 180 21.9136 240 22.9608 300 24.008 0 25.0552 60 26.1024 120 
16 6.7 0 7.7472 60 
17 6.8 300 7.8472 0 
18 22.9136 240 23.9608 300 25.008 0 26.0552 60 27.1024 120 28.1496 180 
19 23.9136 240 24.9608 300 26.008 0 27.0552 60 28.1024 120 29.1496 180 
20 30.1496 180 31.1968 240 32.244 300 
21 8.6 240 9.6472 300 10.6944 0 11.7416 60 12.7888 120 
22 27.008 0 28.0552 60 
23 30.1024 120 31.1496 180 32.1968 240 
24 32.1496 180 33.1968 240 34.244 300 35.2911 0 36.3383 60 
25 37.3383 60 38.3855 120 
26 37.2911 0 38.3383 60 39.3855 120 40.4327 180 41.4799 240 42.5271 300 
27 42.4799 240 43.5271 300 44.5743 0 45.6215 60 46.6687 120 
28 47.6687 120 48.7159 180 49.7631 240 
29 49.7159 180 50.7631 240 51.8103 300 52.8575 0 
30 52.8103 300 53.8575 0 
31 53.8103 300 54.8575 0 55.9047 60 56.9519 120 57.9991 180 59.0463 240 
32 58.9991 180 60.0463 240 61.0935 300 
33 59.9991 180 61.0463 240 62.0935 300 
34 13.7 60 14.7472 120 15.7944 180 
35 55.8575 0 56.9047 60 57.9519 120 
36 60.9991 180 62.0463 240 
37 61.9991 180 63.0463 240 64.0935 300 65.1407 0 66.1879 60 67.2351 120 
38 64.0463 240 65.0935 300 
39 67.1879 60 68.2351 120 69.2823 180 70.3295 240 71.3767 300 72.4239 0 
40 68.1879 60 69.2351 120 70.2823 180 71.3295 240 72.3767 300 73.4239 0 
41 71.2823 180 72.3295 240 73.3767 300 74.4239 0 
42 72.2823 180 73.3295 240 74.3767 300 75.4239 0 76.4711 60 
43 73.2823 180 74.3295 240 
44 16.3 120 17.3472 180 
45 73.2351 120 74.2823 180 75.3295 240 76.3767 300 77.4239 0 
46 17.2 300 18.2472 0 19.2944 60 
47 77.4711 60 78.5183 120 79.5655 180 80.6127 240 81.6599 300 82.7071 0 
48 17.7 240 18.7472 300 
49 79.5183 120 80.5655 180 
50 79.4711 60 80.5183 120 81.5655 180 
51 82.6599 300 83.7071 0 84.7543 60 85.8015 120 
52 86.8015 120 87.8487 180 88.8959 240 89.9431 300 90.9903 0 
53 21.3 0 22.3472 60 23.3944 120 24.4416 180 
54 91.9903 0 93.0375 60 
55 90.8959 240 91.9431 300 92.9903 0 94.0375 60 95.0847 120 
56 95.0375 60 96.0847 120 
57 92.9431 300 93.9903 0 95.0375 60 
58 97.0847 120 98.1319 180 99.1791 240 100.226 300 101.273 0 
59 101.226 300 102.273 0 103.321 60 
60 102.226 300 103.273 0 104.321 60 105.368 120 
61 103.226 300 104.273 0 105.321 60 106.368 120 107.415 180 
62 108.415 180 109.462 240 110.509 300 111.557 0 112.604 60 
63 113.604 60 114.651 120 115.698 180 116.745 240 
64 113.557 0 114.604 60 115.651 120 
65 27.4 300 28.4472 0 29.4944 60 
66 116.651 120 117.698 180 118.745 240 119.793 300 
67 120.793 300 121.84 0 122.887 60 123.934 120 124.981 180 
68 28.9 240 29.9472 300 30.9944 0 32.0416 60 
69 122.84 0 123.887 60 124.934 120 125.981 180 
70 120.745 240 121.793 300 122.84 0 
71 123.84 0 124.887 60 125.934 120 126.981 180 128.029 240 129.076 300 
72 129.029 240 130.076 300 
73 130.029 240 131.076 300 132.123 0 133.17 60 134.217 120 
74 129.981 180 131.029 240 132.076 300 133.123 0 
75 32.2 0 33.2472 60 34.2944 120 
76 134.17 60 135.217 120 
77 133.076 300 134.123 0 
78 133.029 240 134.076 300 135.123 0 136.17 60 137.217 120 138.265 180 
79 137.17 60 138.217 120 139.265 180 
80 136.076 300 137.123 0 138.17 60 139.217 120 
81 136.029 240 137.076 300 138.123 0 139.17 60 140.217 120 
82 138.076 300 139.123 0 140.17 60 
83 139.076 300 140.123 0 141.17 60 142.217 120 143.265 180 
84 144.265 180 145.312 240 146.359 300 147.406 0 
85 34.7 180 35.7472 240 36.7944 300 
86 148.406 0 149.453 60 150.501 120 151.548 180 152.595 240 153.642 300 
87 36.4 180 37.4472 240 38.4944 300 39.5416 0 40.5888 60 
88 150.453 60 151.501 120 
89 36.8 120 37.8472 180 38.8944 240 39.9416 300 
90 152.548 180 153.595 240 154.642 300 
91 154.595 240 155.642 300 156.689 0 157.737 60 158.784 120 
92 158.737 60 159.784 120 
93 159.737 60 160.784 120 161.831 180 162.878 240 163.925 300 164.973 0 
94 165.973 0 167.02 60 168.067 120 169.114 180 
95 166.973 0 168.02 60 169.067 120 
96 170.067 120 171.114 180 
97 172.114 180 173.161 240 174.209 300 175.256 0 176.303 60 177.35 120 
98 44 60 45.0472 120 46.0944 180 47.1416 240 48.1888 300 49.236 0 
99 176.256 0 177.303 60 178.35 120 179.397 180 
100 179.35 120 180.397 180 181.445 240 
