100
1 1 216 2.25664 288 3.51327 0 4.76991 72 6.02655 144 
2 2 216 3.25664 288 4.51327 0 5.76991 72 7.02655 144 
3 4.25664 288 5.51328 0 6.76991 72 8.02655 144 9.28319 216 
4 1.5 0 2.75664 72 4.01327 144 5.26991 216 6.52655 288 
5 4 216 5.25664 288 6.51328 0 7.76991 72 9.02655 144 
6 6.25664 288 7.51328 0 8.76991 72 10.0266 144 11.2832 216 
7 6.26991 216 7.52655 288 8.78319 0 10.0398 72 
8 7.26991 216 8.52655 288 9.78319 0 11.0398 72 12.2965 144 
9 9.52655 288 10.7832 0 12.0398 72 13.2965 144 
10 7.01328 144 8.26991 216 9.52655 288 
11 9.02655 144 10.2832 216 11.5398 288 12.7965 0 14.0531 72 
12 9.76992 72 11.0266 144 
13 13.0398 72 14.2965 144 15.5531 216 16.8097 288 
14 10.5266 288 11.7832 0 13.0398 72 
15 12.5398 288 13.7965 0 15.0531 72 16.3097 144 
16 13.5398 288 14.7965 0 16.0531 72 17.3097 144 
17 14.5398 288 15.7965 0 17.0531 72 
18 16.7965 0 18.0531 72 
19 11.0266 144 12.2832 216 
20 17.7965 0 19.0531 72 20.3097 144 
21 14.0398 72 15.2965 144 16.5531 216 
22 17.0531 72 18.3097 144 
23 12.0266 144 13.2832 216 
24 20.0531 72 21.3097 144 22.5664 216 23.823 288 25.0796 0 
25 13.2 144 14.4566 216 15.7133 288 
26 18.5398 288 19.7965 0 21.0531 72 22.3097 144 
27 22.0531 72 23.3097 144 
28 19.5398 288 20.7965 0 
29 16.2965 144 17.5531 216 
30 20.5398 288 21.7965 0 23.0531 72 
31 23.0531 72 24.3097 144 
32 24.0531 72 25.3097 144 26.5664 216 27.823 288 29.0797 0 
33 25.0531 72 26.3097 144 27.5664 216 28.823 288 30.0797 0 
34 24.7965 0 26.0531 72 27.3097 144 
35 24.823 288 26.0797 0 27.3363 72 28.5929 144 29.8496 216 
36 21 216 22.2566 288 23.5133 0 24.7699 72 
37 25.823 288 27.0797 0 28.3363 72 
38 26.823 288 28.0797 0 29.3363 72 
39 29.823 288 31.0797 0 32.3363 72 
40 29.5664 216 30.823 288 32.0797 0 33.3363 72 34.5929 144 
41 28.3363 72 29.5929 144 30.8496 216 
42 30.5929 144 31.8496 216 33.1062 288 34.3628 0 
43 31.823 288 33.0797 0 34.3363 72 35.5929 144 36.8496 216 
44 31.5929 144 32.8496 216 34.1062 288 
45 32.5929 144 33.8496 216 35.1062 288 36.3628 0 
46 29.3363 72 30.5929 144 
47 33.5929 144 34.8496 216 36.1062 288 37.3628 0 
48 34.5929 144 35.8496 216 
49 36.5929 144 37.8496 216 39.1062 288 40.3628 0 41.6195 72 
50 29.0797 0 30.3363 72 31.5929 144 
51 31.3363 72 32.5929 144 
52 34.0797 0 35.3363 72 36.5929 144 
53 35.8496 216 37.1062 288 38.3628 0 
54 38.1062 288 39.3628 0 40.6195 72 41.8761 144 
55 40.1062 288 41.3628 0 
56 41.1062 288 42.3628 0 
57 36.3363 72 37.5929 144 38.8496 216 
58 36.8496 216 38.1062 288 
59 36.0797 0 37.3363 72 38.5929 144 39.8496 216 41.1062 288 
60 37.0797 0 38.3363 72 
61 40.8496 216 42.1062 288 43.3628 0 44.6195 72 45.8761 144 
62 40.5929 144 41.8496 216 43.1062 288 
63 42.8496 216 44.1062 288 45.3628 0 46.6195 72 
64 41.6195 72 42.8761 144 44.1328 216 45.3894 288 46.646 0 
65 45.1328 216 46.3894 288 47.646 0 48.9027 72 50.1593 144 
66 43.1062 288 44.3628 0 45.6195 72 46.8761 144 48.1328 216 
67 47.3894 288 48.646 0 
68 46.6195 72 47.8761 144 49.1328 216 50.3894 288 51.646 0 
69 48.3894 288 49.646 0 50.9027 72 
70 47.6195 72 48.8761 144 
71 38.0797 0 39.3363 72 
72 49.3894 288 50.646 0 51.9027 72 
73 51.3894 288 52.646 0 53.9027 72 55.1593 144 56.4159 216 
74 52.3894 288 53.646 0 
75 49.9027 72 51.1593 144 52.4159 216 53.6726 288 54.9292 0 
76 41.5929 144 42.8496 216 
77 50.9027 72 52.1593 144 53.4159 216 
78 51.9027 72 53.1593 144 54.4159 216 55.6726 288 
79 55.4159 216 56.6726 288 57.9292 0 59.1859 72 
80 56.4159 216 57.6726 288 58.9292 0 60.1859 72 
81 41.3628 0 42.6195 72 43.8761 144 
82 52.9027 72 54.1593 144 55.4159 216 
83 57.4159 216 58.6726 288 
84 42.3628 0 43.6195 72 
85 44.8761 144 46.1328 216 47.3894 288 
86 45.8761 144 47.1328 216 48.3894 288 
87 54.9027 72 56.1593 144 
88 57.1593 144 58.4159 216 59.6726 288 60.9292 0 
89 56.9027 72 58.1593 144 59.4159 216 
90 59.4159 216 60.6726 288 
91 60.4159 216 61.6726 288 62.9292 0 64.1859 72 
92 61.4159 216 62.6726 288 63.9292 0 
93 57.9027 72 59.1593 144 
94 59.9027 72 61.1593 144 62.4159 216 63.6726 288 
95 63.4159 216 64.6726 288 
96 61.9027 72 63.1593 144 64.4159 216 65.6726 288 66.9292 0 
97 65.4159 216 66.6726 288 
98 62.9027 72 64.1593 144 65.4159 216 
99 63.9292 0 65.1859 72 66.4425 144 67.6991 216 
100 64.9292 0 66.1859 72 67.4425 144 68.6991 216 69.9558 288 
