1 0.3 180 1.3472 240 2.3944 300 3.44159 0 4.48879 60 
2 0.8 120 1.8472 180 2.8944 240 3.94159 300 4.98879 0 6.03599 60 
3 4.94159 300 5.98879 0 7.03599 60 
4 2.1 60 3.1472 120 
5 4.8944 240 5.94159 300 6.98879 0 8.03599 60 9.08319 120 10.1304 180 
6 9.03599 60 10.0832 120 11.1304 180 12.1776 240 
7 11.0832 120 12.1304 180 13.1776 240 14.2248 300 
8 3.4 60 4.4472 120 5.4944 180 6.54159 240 7.58879 300 
9 7.98879 0 9.03599 60 
10 12.0832 120 13.1304 180 14.1776 240 15.2248 300 16.272 0 
11 14.1304 180 15.1776 240 16.2248 300 17.272 0 18.3192 60 19.3664 120 
12 15.1304 180 16.1776 240 17.2248 300 18.272 0 19.3192 60 20.3664 120 
13 9.2 300 10.2472 0 
14 21.3664 120 22.4136 180 23.4608 240 24.508 300 25.5552 0 26.6024 60 
15 27.6024 60 28.6496 120 29.6968 180 
16 30.6968 180 31.744 240 32.7911 300 33.8383 0 34.8855 60 
17 34.8383 0 35.8855 60 36.9327 120 37.9799 180 
18 33.744 240 34.7911 300 35.8383 0 36.8855 60 37.9327 120 
19 12.2 300 13.2472 0 14.2944 60 
20 38.9799 180 40.0271 240 41.0743 300 
21 42.0743 300 43.1215 0 44.1687 60 
22 39.9799 180 41.0271 240 
23 42.0271 240 43.0743 300 44.1215 0 45.1687 60 
24 16.7 120 17.7472 180 18.7944 240 19.8416 300 
25 38.9327 120 39.9799 180 
26 17.2 240 18.2472 300 19.2944 0 20.3416 60 
27 46.1687 60 47.2159 120 
28 48.2159 120 49.2631 180 50.3103 240 51.3575 300 52.4047 0 53.4519 60 
29 54.4519 60 55.4991 120 56.5463 180 57.5935 240 58.6407 300 
30 54.4047 0 55.4519 60 56.4991 120 
31 57.4991 120 58.5463 180 
32 20.3 180 21.3472 240 22.3944 300 23.4416 0 24.4888 60 
33 59.5463 180 60.5935 240 61.6407 300 62.6879 0 63.7351 60 64.7823 120 
34 65.7823 120 66.8295 180 67.8767 240 
35 62.6407 300 63.6879 0 64.7351 60 65.7823 120 
36 64.6879 0 65.7351 60 66.7823 120 67.8295 180 
37 65.6879 0 66.7351 60 
38 23.5 300 24.5472 0 25.5944 60 26.6416 120 27.6888 180 
39 67.7351 60 68.7823 120 
40 68.7351 60 69.7823 120 70.8295 180 
41 25 240 26.0472 300 
42 67.6407 300 68.6879 0 69.7351 60 70.7823 120 
43 27.1 240 28.1472 300 29.1944 0 
44 68.6407 300 69.6879 0 70.7351 60 71.7823 120 72.8295 180 73.8767 240 
45 74.8767 240 75.9239 300 76.9711 0 
46 77.9711 0 79.0183 60 80.0655 120 81.1127 180 82.1599 240 
47 82.1127 180 83.1599 240 84.2071 300 85.2543 0 86.3015 60 
48 87.3015 60 88.3487 120 89.3959 180 90.4431 240 91.4903 300 92.5375 0 
49 30.7 240 31.7472 300 
50 92.4903 300 93.5375 0 
51 90.3487 120 91.3959 180 92.4431 240 93.4903 300 94.5375 0 95.5847 60 
52 91.3487 120 92.3959 180 93.4431 240 94.4903 300 
53 35.4 180 36.4472 240 37.4944 300 38.5416 0 39.5888 60 
54 95.4903 300 96.5375 0 97.5847 60 98.6319 120 99.6791 180 100.726 240 
55 99.6319 120 100.679 180 101.726 240 102.773 300 103.821 0 104.868 60 
56 100.632 120 101.679 180 102.726 240 103.773 300 104.821 0 105.868 60 
57 39.8 300 40.8472 0 
58 101.632 120 102.679 180 
59 41.1 120 42.1472 180 
60 103.679 180 104.726 240 105.773 300 
61 103.632 120 104.679 180 105.726 240 106.773 300 
62 107.773 300 108.821 0 109.868 60 110.915 120 
63 106.679 180 107.726 240 108.773 300 109.821 0 110.868 60 
64 44.1 180 45.1472 240 
65 44.9 300 45.9472 0 
66 110.821 0 111.868 60 112.915 120 113.962 180 115.009 240 
67 46 120 47.0472 180 
68 113.915 120 114.962 180 116.009 240 117.057 300 118.104 0 
69 47.2 0 48.2472 60 
70 114.915 120 115.962 180 
71 47.7 300 48.7472 0 
72 118.057 300 119.104 0 
73 119.057 300 120.104 0 
74 49.9 120 50.9472 180 
75 50.8 60 51.8472 120 52.8944 180 53.9416 240 54.9888 300 
76 120.057 300 121.104 0 122.151 60 123.198 120 124.245 180 125.293 240 
77 52.1 60 53.1472 120 54.1944 180 
79 124.198 120 125.245 180 126.293 240 127.34 300 128.387 0 
78 128.34 300 129.387 0 130.434 60 131.481 120 132.529 180 
80 129.34 300 130.387 0 131.434 60 132.481 120 
81 132.434 60 133.481 120 134.529 180 
82 134.481 120 135.529 180 136.576 240 
83 133.387 0 134.434 60 135.481 120 136.529 180 
84 134.387 0 135.434 60 136.481 120 137.529 180 138.576 240 139.623 300 
85 58.7 0 59.7472 60 60.7944 120 
86 136.434 60 137.481 120 138.529 180 139.576 240 140.623 300 141.67 0 
87 139.529 180 140.576 240 
88 141.576 240 142.623 300 143.67 0 144.717 60 145.765 120 
89 143.623 300 144.67 0 145.717 60 146.765 120 147.812 180 
90 61.9 180 62.9472 240 
91 148.812 180 149.859 240 150.906 300 151.953 0 153.001 60 154.048 120 
92 152.953 0 154.001 60 155.048 120 156.095 180 157.142 240 158.189 300 
93 153.953 0 155.001 60 156.048 120 157.095 180 158.142 240 
94 159.142 240 160.189 300 161.237 0 162.284 60 163.331 120 164.378 180 
95 162.237 0 163.284 60 164.331 120 165.378 180 
96 161.189 300 162.237 0 
97 161.142 240 162.189 300 163.237 0 
98 164.237 0 165.284 60 166.331 120 
99 164.189 300 165.237 0 166.284 60 167.331 120 168.378 180 
100 167.284 60 168.331 120 169.378 180 
101 168.284 60 169.331 120 170.378 180 
102 168.237 0 169.284 60 170.331 120 
103 167.142 240 168.189 300 169.237 0 170.284 60 
104 169.189 300 170.237 0 171.284 60 172.331 120 173.378 180 174.425 240 
105 173.331 120 174.378 180 
106 68.9 180 69.9472 240 70.9944 300 72.0416 0 
107 172.284 60 173.331 120 
108 174.331 120 175.378 180 176.425 240 177.473 300 
109 176.378 180 177.425 240 178.473 300 179.52 0 180.567 60 
110 180.52 0 181.567 60 182.614 120 183.661 180 
111 184.661 180 185.709 240 
112 185.661 180 186.709 240 
113 185.614 120 186.661 180 187.709 240 188.756 300 189.803 0 
114 72 240 73.0472 300 
115 187.661 180 188.709 240 189.756 300 190.803 0 
116 73.5 0 74.5472 60 75.5944 120 76.6416 180 77.6888 240 78.736 300 
117 188.661 180 189.709 240 190.756 300 
118 189.661 180 190.709 240 191.756 300 192.803 0 193.85 60 194.897 120 
119 192.756 300 193.803 0 194.85 60 195.897 120 
120 196.897 120 197.945 180 198.992 240 
121 199.992 240 201.039 300 202.086 0 203.133 60 204.181 120 205.228 180 
122 200.992 240 202.039 300 203.086 0 204.133 60 205.181 120 
123 201.992 240 203.039 300 
124 204.039 300 205.086 0 206.133 60 207.181 120 
125 207.133 60 208.181 120 209.228 180 210.275 240 211.322 300 212.369 0 
126 211.275 240 212.322 300 213.369 0 214.417 60 
127 78.5 180 79.5472 240 80.5944 300 81.6416 0 
128 214.369 0 215.417 60 216.464 120 217.511 180 218.558 240 219.605 300 
129 79.9 0 80.9472 60 81.9944 120 
130 215.369 0 216.417 60 217.464 120 
131 218.464 120 219.511 180 220.558 240 221.605 300 222.652 0 
132 219.464 120 220.511 180 221.558 240 222.605 300 
133 219.417 60 220.464 120 221.511 180 222.558 240 
134 221.464 120 222.511 180 223.558 240 224.605 300 225.652 0 226.7 60 
135 222.464 120 223.511 180 224.558 240 225.605 300 
136 82.4 300 83.4472 0 84.4944 60 85.5416 120 86.5888 180 
137 226.605 300 227.652 0 228.7 60 
138 227.605 300 228.652 0 229.7 60 230.747 120 231.794 180 
139 228.605 300 229.652 0 230.7 60 231.747 120 232.794 180 233.841 240 
140 232.747 120 233.794 180 234.841 240 235.888 300 
141 232.7 60 233.747 120 234.794 180 235.841 240 
142 233.7 60 234.747 120 235.794 180 
143 235.747 120 236.794 180 
144 236.888 300 237.936 0 238.983 60 240.03 120 
145 236.841 240 237.888 300 238.936 0 239.983 60 241.03 120 242.077 180 
146 86.3 300 87.3472 0 
147 242.03 120 243.077 180 244.124 240 245.172 300 246.219 0 
148 87 120 88.0472 180 89.0944 240 90.1416 300 
149 247.219 0 248.266 60 
150 249.266 60 250.313 120 251.36 180 252.408 240 253.455 300 
151 249.219 0 250.266 60 251.313 120 
152 252.36 180 253.408 240 254.455 300 255.502 0 
153 254.408 240 255.455 300 256.502 0 257.549 60 
154 256.455 300 257.502 0 258.549 60 259.596 120 
155 258.502 0 259.549 60 260.596 120 261.644 180 
156 261.596 120 262.644 180 263.691 240 264.738 300 265.785 0 
157 91.4 0 92.4472 60 93.4944 120 94.5416 180 95.5888 240 96.636 300 
158 261.549 60 262.596 120 263.644 180 264.691 240 
159 265.738 300 266.785 0 267.832 60 
160 264.644 180 265.691 240 266.738 300 267.785 0 268.832 60 
161 268.785 0 269.832 60 270.88 120 271.927 180 
162 267.738 300 268.785 0 
163 270.832 60 271.88 120 272.927 180 273.974 240 275.021 300 
164 274.974 240 276.021 300 277.068 0 278.116 60 279.163 120 
165 97.3 120 98.3472 180 99.3944 240 100.442 300 
166 97.5 240 98.5472 300 99.5944 0 100.642 60 
167 279.116 60 280.163 120 281.21 180 282.257 240 283.304 300 284.352 0 
168 283.257 240 284.304 300 285.352 0 286.399 60 287.446 120 
169 282.21 180 283.257 240 
170 285.304 300 286.352 0 287.399 60 288.446 120 
171 284.21 180 285.257 240 286.304 300 287.352 0 288.399 60 289.446 120 
172 286.257 240 287.304 300 288.352 0 
173 288.304 300 289.352 0 290.399 60 
174 290.352 0 291.399 60 292.446 120 293.493 180 294.54 240 295.588 300 
175 293.446 120 294.493 180 295.54 240 
176 294.446 120 295.493 180 296.54 240 297.588 300 
178 293.352 0 294.399 60 295.446 120 296.493 180 
177 297.54 240 298.588 300 
179 297.493 180 298.54 240 299.588 300 300.635 0 
180 301.635 0 302.682 60 
181 303.682 60 304.729 120 305.776 180 306.824 240 
182 106.7 120 107.747 180 
183 305.729 120 306.776 180 307.824 240 308.871 300 309.918 0 
184 308.824 240 309.871 300 310.918 0 311.965 60 
185 311.918 0 312.965 60 
186 108.9 240 109.947 300 
187 310.824 240 311.871 300 312.918 0 313.965 60 315.012 120 316.06 180 
188 311.824 240 312.871 300 313.918 0 314.965 60 
189 312.824 240 313.871 300 
190 314.871 300 315.918 0 316.965 60 318.012 120 319.06 180 
191 314.824 240 315.871 300 316.918 0 317.965 60 319.012 120 320.06 180 
192 316.871 300 317.918 0 318.965 60 320.012 120 321.06 180 
193 319.965 60 321.012 120 
194 317.824 240 318.871 300 319.918 0 320.965 60 322.012 120 323.06 180 
195 319.871 300 320.918 0 321.965 60 323.012 120 324.06 180 
196 324.012 120 325.06 180 
197 112.6 180 113.647 240 114.694 300 
198 319.824 240 320.871 300 321.918 0 322.965 60 324.012 120 
199 323.965 60 325.012 120 326.06 180 
200 112.9 0 113.947 60 
