200
1 1 180 2.0472 240 3.0944 300 4.14159 0 5.18879 60 
2 1 120 2.0472 180 3.0944 240 4.14159 300 5.18879 0 6.23599 60 
3 1.4 300 2.4472 0 3.4944 60 
4 2.1 60 3.1472 120 
5 4.0944 240 5.14159 300 6.18879 0 7.23599 60 8.28319 120 9.33038 180 
6 3.1 60 4.1472 120 5.1944 180 6.24159 240 
7 5.1472 120 6.1944 180 7.24159 240 8.28879 300 
8 5.1 60 6.1472 120 7.1944 180 8.24159 240 9.28879 300 
9 7.18879 0 8.23599 60 
10 7.1472 120 8.1944 180 9.2416 240 10.2888 300 11.336 0 
11 9.1944 180 10.2416 240 11.2888 300 12.336 0 13.3832 60 14.4304 120 
12 10.1944 180 11.2416 240 12.2888 300 13.336 0 14.3832 60 15.4304 120 
13 9.2 300 10.2472 0 
14 10.1472 120 11.1944 180 12.2416 240 13.2888 300 14.336 0 15.3832 60 
15 11.6 60 12.6472 120 13.6944 180 
16 12.1944 180 13.2416 240 14.2888 300 15.336 0 16.3832 60 
17 16.336 0 17.3832 60 18.4304 120 19.4776 180 
18 15.2416 240 16.2888 300 17.336 0 18.3832 60 19.4304 120 
19 17.2888 300 18.336 0 19.3832 60 
20 13.1944 180 14.2416 240 15.2888 300 
21 18.2888 300 19.336 0 20.3832 60 
22 14.7 180 15.7472 240 
23 18.2416 240 19.2888 300 20.336 0 21.3832 60 
24 17.1472 120 18.1944 180 19.2416 240 20.2888 300 
25 19.4304 120 20.4776 180 
26 20.2416 240 21.2888 300 22.336 0 23.3832 60 
27 19.3832 60 20.4304 120 
28 20.4304 120 21.4776 180 22.5248 240 23.572 300 24.6192 0 25.6664 60 
29 20.3832 60 21.4304 120 22.4776 180 23.5248 240 24.572 300 
30 21.336 0 22.3832 60 23.4304 120 
31 22.4304 120 23.4776 180 
32 20.3 180 21.3472 240 22.3944 300 23.4416 0 24.4888 60 
33 23.4776 180 24.5248 240 25.572 300 26.6192 0 27.6664 60 28.7136 120 
34 23.4304 120 24.4776 180 25.5248 240 
35 24.572 300 25.6192 0 26.6664 60 27.7136 120 
36 27.6192 0 28.6664 60 29.7136 120 30.7608 180 
37 28.6192 0 29.6664 60 
38 28.572 300 29.6192 0 30.6664 60 31.7136 120 32.7608 180 
39 24.1 60 25.1472 120 
40 25.1 60 26.1472 120 27.1944 180 
41 25.5248 240 26.572 300 
42 29.572 300 30.6192 0 31.6664 60 32.7136 120 
43 29.5248 240 30.572 300 31.6192 0 
44 31.572 300 32.6192 0 33.6664 60 34.7136 120 35.7608 180 36.808 240 
45 31.5248 240 32.572 300 33.6192 0 
46 31.6192 0 32.6664 60 33.7136 120 34.7608 180 35.808 240 
47 31.4776 180 32.5248 240 33.572 300 34.6192 0 35.6664 60 
48 34.6664 60 35.7136 120 36.7608 180 37.808 240 38.8552 300 39.9024 0 
49 33.5248 240 34.572 300 
50 34.572 300 35.6192 0 
51 36.7136 120 37.7608 180 38.808 240 39.8552 300 40.9024 0 41.9496 60 
52 37.7136 120 38.7608 180 39.808 240 40.8552 300 
53 39.7608 180 40.808 240 41.8552 300 42.9024 0 43.9496 60 
54 36.572 300 37.6192 0 38.6664 60 39.7136 120 40.7608 180 41.808 240 
55 40.7136 120 41.7608 180 42.808 240 43.8552 300 44.9024 0 45.9496 60 
56 41.7136 120 42.7608 180 43.808 240 44.8552 300 45.9024 0 46.9496 60 
57 42.8552 300 43.9024 0 
58 42.7136 120 43.7608 180 
59 43.7136 120 44.7608 180 
60 43.7608 180 44.808 240 45.8552 300 
61 44.7136 120 45.7608 180 46.808 240 47.8552 300 
62 45.8552 300 46.9024 0 47.9496 60 48.9968 120 
63 46.7608 180 47.808 240 48.8552 300 49.9024 0 50.9496 60 
64 47.7608 180 48.808 240 
65 46.8552 300 47.9024 0 
66 47.9024 0 48.9496 60 49.9968 120 51.044 180 52.0912 240 
67 46 120 47.0472 180 
68 47.7136 120 48.7608 180 49.808 240 50.8552 300 51.9024 0 
69 50.9024 0 51.9496 60 
70 48.7136 120 49.7608 180 
71 51.8552 300 52.9024 0 
72 52.8552 300 53.9024 0 
73 53.8552 300 54.9024 0 
74 50.9968 120 52.044 180 
75 50.9496 60 51.9968 120 53.044 180 54.0912 240 55.1384 300 
76 54.8552 300 55.9024 0 56.9496 60 57.9968 120 59.044 180 60.0912 240 
77 52.1 60 53.1472 120 54.1944 180 
78 55.8552 300 56.9024 0 57.9496 60 58.9968 120 60.044 180 
79 54.1472 120 55.1944 180 56.2416 240 57.2888 300 58.336 0 
80 58.2888 300 59.336 0 60.3832 60 61.4304 120 
81 58.9496 60 59.9968 120 61.044 180 
82 56.7 120 57.7472 180 58.7944 240 
83 60.336 0 61.3832 60 62.4304 120 63.4776 180 
84 61.336 0 62.3832 60 63.4304 120 64.4776 180 65.5248 240 66.572 300 
85 62.336 0 63.3832 60 64.4304 120 
86 64.3832 60 65.4304 120 66.4776 180 67.5248 240 68.572 300 69.6192 0 
87 60.4 180 61.4472 240 
88 62.2416 240 63.2888 300 64.336 0 65.3832 60 66.4304 120 
89 64.2888 300 65.336 0 66.3832 60 67.4304 120 68.4776 180 
90 61.9 180 62.9472 240 
91 63.1944 180 64.2416 240 65.2888 300 66.336 0 67.3832 60 68.4304 120 
92 67.336 0 68.3832 60 69.4304 120 70.4776 180 71.5248 240 72.572 300 
93 68.336 0 69.3832 60 70.4304 120 71.4776 180 72.5248 240 
94 68.5248 240 69.572 300 70.6192 0 71.6664 60 72.7136 120 73.7608 180 
95 69.336 0 70.3832 60 71.4304 120 72.4776 180 
96 66.2888 300 67.336 0 
97 69.5248 240 70.572 300 71.6192 0 
98 71.6192 0 72.6664 60 73.7136 120 
99 71.572 300 72.6192 0 73.6664 60 74.7136 120 75.7608 180 
100 74.6664 60 75.7136 120 76.7608 180 
101 75.6664 60 76.7136 120 77.7608 180 
102 75.6192 0 76.6664 60 77.7136 120 
103 72.5248 240 73.572 300 74.6192 0 75.6664 60 
104 75.572 300 76.6192 0 77.6664 60 78.7136 120 79.7608 180 80.808 240 
105 73.7136 120 74.7608 180 
106 72.4776 180 73.5248 240 74.572 300 75.6192 0 
107 78.6664 60 79.7136 120 
108 77.7136 120 78.7608 180 79.808 240 80.8552 300 
109 74.4776 180 75.5248 240 76.572 300 77.6192 0 78.6664 60 
110 78.6192 0 79.6664 60 80.7136 120 81.7608 180 
111 75.4776 180 76.5248 240 
112 76.4776 180 77.5248 240 
113 79.7136 120 80.7608 180 81.808 240 82.8552 300 83.9024 0 
114 74.5248 240 75.572 300 
115 77.4776 180 78.5248 240 79.572 300 80.6192 0 
116 79.6192 0 80.6664 60 81.7136 120 82.7608 180 83.808 240 84.8552 300 
117 83.7608 180 84.808 240 85.8552 300 
118 84.7608 180 85.808 240 86.8552 300 87.9024 0 88.9496 60 89.9968 120 
119 80.572 300 81.6192 0 82.6664 60 83.7136 120 
120 84.7136 120 85.7608 180 86.808 240 
121 86.808 240 87.8552 300 88.9024 0 89.9496 60 90.9968 120 92.044 180 
122 87.808 240 88.8552 300 89.9024 0 90.9496 60 91.9968 120 
123 88.808 240 89.8552 300 
124 81.572 300 82.6192 0 83.6664 60 84.7136 120 
125 86.6664 60 87.7136 120 88.7608 180 89.808 240 90.8552 300 91.9024 0 
126 90.808 240 91.8552 300 92.9024 0 93.9496 60 
127 90.7608 180 91.808 240 92.8552 300 93.9024 0 
128 90.9024 0 91.9496 60 92.9968 120 94.044 180 95.0912 240 96.1384 300 
129 91.9024 0 92.9496 60 93.9968 120 
130 93.9024 0 94.9496 60 95.9968 120 
131 93.9968 120 95.044 180 96.0912 240 97.1384 300 98.1856 0 
132 94.9968 120 96.044 180 97.0912 240 98.1384 300 
133 87.6664 60 88.7136 120 89.7608 180 90.808 240 
134 95.9968 120 97.044 180 98.0912 240 99.1384 300 100.186 0 101.233 60 
135 96.9968 120 98.044 180 99.0912 240 100.138 300 
136 94.8552 300 95.9024 0 96.9496 60 97.9968 120 99.044 180 
137 95.8552 300 96.9024 0 97.9496 60 
138 100.138 300 101.186 0 102.233 60 103.28 120 104.327 180 
139 101.138 300 102.186 0 103.233 60 104.28 120 105.327 180 106.374 240 
140 98.9968 120 100.044 180 101.091 240 102.138 300 
141 98.9496 60 99.9968 120 101.044 180 102.091 240 
142 99.9496 60 100.997 120 102.044 180 
143 101.997 120 103.044 180 
144 102.138 300 103.186 0 104.233 60 105.28 120 
145 102.091 240 103.138 300 104.186 0 105.233 60 106.28 120 107.327 180 
146 104.138 300 105.186 0 
147 105.28 120 106.327 180 107.374 240 108.422 300 109.469 0 
148 107.28 120 108.327 180 109.374 240 110.422 300 
149 97.9024 0 98.9496 60 
150 107.233 60 108.28 120 109.327 180 110.374 240 111.422 300 
151 105.186 0 106.233 60 107.28 120 
152 103.044 180 104.091 240 105.138 300 106.186 0 
153 105.091 240 106.138 300 107.186 0 108.233 60 
154 107.138 300 108.186 0 109.233 60 110.28 120 
155 109.186 0 110.233 60 111.28 120 112.327 180 
156 109.28 120 110.327 180 111.374 240 112.422 300 113.469 0 
157 110.186 0 111.233 60 112.28 120 113.327 180 114.374 240 115.422 300 
158 112.233 60 113.28 120 114.327 180 115.374 240 
159 110.138 300 111.186 0 112.233 60 
160 111.327 180 112.374 240 113.422 300 114.469 0 115.516 60 
161 112.186 0 113.233 60 114.28 120 115.327 180 
162 111.138 300 112.186 0 
163 114.233 60 115.28 120 116.327 180 117.374 240 118.422 300 
164 115.374 240 116.422 300 117.469 0 118.516 60 119.563 120 
165 116.28 120 117.327 180 118.374 240 119.422 300 
166 116.374 240 117.422 300 118.469 0 119.516 60 
167 116.233 60 117.28 120 118.327 180 119.374 240 120.422 300 121.469 0 
168 120.374 240 121.422 300 122.469 0 123.516 60 124.563 120 
169 112.327 180 113.374 240 
170 115.138 300 116.186 0 117.233 60 118.28 120 
171 120.327 180 121.374 240 122.422 300 123.469 0 124.516 60 125.563 120 
172 122.374 240 123.422 300 124.469 0 
173 118.422 300 119.469 0 120.516 60 
174 120.469 0 121.516 60 122.563 120 123.61 180 124.658 240 125.705 300 
175 118.28 120 119.327 180 120.374 240 
176 121.28 120 122.327 180 123.374 240 124.422 300 
177 125.658 240 126.705 300 
178 121.469 0 122.516 60 123.563 120 124.61 180 
179 125.61 180 126.658 240 127.705 300 128.752 0 
180 124.469 0 125.516 60 
181 125.516 60 126.563 120 127.61 180 128.658 240 
182 124.563 120 125.61 180 
183 125.563 120 126.61 180 127.658 240 128.705 300 129.752 0 
184 128.658 240 129.705 300 130.752 0 131.799 60 
185 125.469 0 126.516 60 
186 129.658 240 130.705 300 
187 130.658 240 131.705 300 132.752 0 133.799 60 134.846 120 135.894 180 
188 131.658 240 132.705 300 133.752 0 134.799 60 
189 132.658 240 133.705 300 
190 125.422 300 126.469 0 127.516 60 128.563 120 129.61 180 
191 133.658 240 134.705 300 135.752 0 136.799 60 137.846 120 138.894 180 
192 126.422 300 127.469 0 128.516 60 129.563 120 130.61 180 
193 126.516 60 127.563 120 
194 134.658 240 135.705 300 136.752 0 137.799 60 138.846 120 139.894 180 
195 136.705 300 137.752 0 138.799 60 139.846 120 140.894 180 
196 127.563 120 128.61 180 
197 134.61 180 135.658 240 136.705 300 
198 136.658 240 137.705 300 138.752 0 139.799 60 140.846 120 
199 129.516 60 130.563 120 131.61 180 
200 128.469 0 129.516 60 
