100
1 1 216 2.25664 288 3.51327 0 4.76991 72 6.02655 144 
2 2 216 3.25664 288 4.51327 0 5.76991 72 7.02655 144 
3 4.25664 288 5.51327 0 6.76991 72 8.02655 144 9.28319 216 
4 1.5 0 2.75664 72 4.01327 144 5.26991 216 6.52655 288 
5 3.931 216 5.5255 288 6.78214 0 8.03877 72 9.29541 144 
6 6.5255 288 7.78214 0 9.03877 72 10.2954 144 11.552 216 
7 6.26991 216 7.52655 288 8.78319 0 10.0398 72 
8 7.26991 216 8.52655 288 9.78319 0 11.0398 72 12.2965 144 
9 9.52655 288 10.7832 0 12.0398 72 13.2965 144 
10 7.01 144 8.28267 216 9.53931 288 
11 9.02655 144 10.2832 216 11.5398 288 12.7965 0 14.0531 72 
12 10.0398 72 11.2964 144 
13 13.0398 72 14.2965 144 15.1342 216 15.972 288 
14 10.5265 288 11.7832 0 13.0398 72 
15 12.5398 288 13.7965 0 15.0531 72 16.3097 144 
16 13.5398 288 14.7965 0 16.0531 72 17.3097 144 
17 14.5398 288 15.7965 0 17.0531 72 
18 16.7965 0 18.0531 72 
19 11.2954 144 12.552 216 
20 17.7965 0 19.0531 72 19.8909 144 
21 14.0398 72 15.2965 144 16.5531 216 
22 19.7198 72 20.5575 144 
23 12.2954 144 13.552 216 
24 20.3864 72 21.6431 144 22.8997 216 24.1563 288 25.413 0 
25 22.6431 144 23.8997 216 25.1563 288 
26 18.6168 288 19.8735 0 22.3852 72 23.6419 144 
27 23.3852 72 24.6419 144 
28 19.6178 288 20.8745 0 
29 23.6431 144 24.8997 216 
30 20.6178 288 21.8745 0 24.3756 72 
31 24.3852 72 25.6419 144 
32 25.3852 72 26.6419 144 27.8985 216 29.1552 288 30.4118 0 
33 26.3852 72 27.6419 144 28.8985 216 30.1552 288 31.4118 0 
34 25.8745 0 28.3756 72 29.2133 144 
35 31.1552 288 32.4118 0 33.2496 72 34.0873 144 34.9251 216 
36 21 216 22.2566 288 23.8648 0 26.3659 72 
37 32.1552 288 33.4118 0 34.2496 72 
38 33.1552 288 34.4118 0 35.2496 72 
39 34.1552 288 35.4118 0 36.2496 72 
40 24.9 216 26.1566 288 27.8648 0 30.3659 72 31.6225 144 
41 33.9162 72 34.754 144 35.5917 216 
42 24.6441 144 25.9007 216 27.5159 288 29.2241 0 
43 35.1552 288 36.4118 0 37.2496 72 38.0873 144 38.9251 216 
44 28.6419 144 29.8985 216 31.1552 288 
45 38.754 144 39.5917 216 40.4295 288 41.2673 0 
46 34.5829 72 35.8395 144 
47 39.4206 144 40.6773 216 41.9339 288 43.1906 0 
48 40.4206 144 41.6773 216 
49 41.4206 144 42.6773 216 43.515 288 44.3528 0 45.1906 72 
50 29.8831 0 32.2471 72 33.4206 144 
51 37.9162 72 38.754 144 
52 37.4035 0 39.9142 72 41.1708 144 
53 34.6425 216 37.1527 288 38.4093 0 
54 44.1817 288 45.0195 0 45.8572 72 46.695 144 
55 44.8484 288 46.105 0 
56 45.8484 288 47.105 0 
57 46.5239 72 47.3616 144 48.1994 216 
58 36.64 216 39.1502 288 
59 39.4015 0 41.9122 72 43.1688 144 44.4255 216 45.6821 288 
60 41.3994 0 43.9102 72 
61 45.5917 216 46.8484 288 48.105 0 48.9428 72 49.7805 144 
62 45.0938 144 47.5318 216 48.7885 288 
63 48.5318 216 49.7885 288 50.6262 0 51.464 72 
64 47.1906 72 48.4472 144 49.7038 216 50.9605 288 52.2171 0 
65 50.7038 216 51.9605 288 53.2171 0 54.0549 72 54.8926 144 
66 47.8494 288 49.106 0 50.3626 72 51.6193 144 52.8759 216 
67 52.9605 288 54.2171 0 
68 51.3634 72 52.6201 144 53.8767 216 55.1333 288 56.39 0 
69 56.1333 288 57.39 0 58.2277 72 
70 52.3644 72 53.6211 144 
71 45.6864 0 46.9431 72 
72 57.1333 288 58.39 0 59.2277 72 
73 58.1333 288 59.39 0 60.2277 72 61.0655 144 61.9033 216 
74 59.1333 288 60.39 0 
75 60.8944 72 61.7322 144 62.5699 216 63.4077 288 64.2454 0 
76 49.4473 144 50.704 216 
77 61.5611 72 62.8177 144 64.0743 216 
78 62.5611 72 63.8177 144 64.6555 216 65.4932 288 
79 52.6598 216 54.1319 288 55.3886 0 56.6452 72 
80 58.6207 216 61.1309 288 62.3875 0 63.6441 72 
81 53.8839 0 55.1405 72 56.3972 144 
82 63.5611 72 64.8177 144 65.6555 216 
83 60.7202 216 62.7309 288 
84 60.0576 0 61.3142 72 
85 53.6203 144 54.877 216 56.1336 288 
86 54.6213 144 55.878 216 57.1346 288 
87 64.5611 72 65.8177 144 
88 65.4844 144 66.3221 216 67.1599 288 67.9977 0 
89 65.5611 72 66.8177 144 68.0743 216 
90 63.2373 216 64.4939 288 
91 66.9888 216 67.8266 288 68.6643 0 69.5021 72 
92 67.6555 216 68.4932 288 69.331 0 
93 66.5611 72 67.8177 144 
94 67.5611 72 68.8177 144 70.0743 216 71.331 288 
95 68.3231 216 69.5798 288 
96 68.5611 72 69.8177 144 71.0743 216 72.331 288 73.5876 0 
97 72.0743 216 73.331 288 
98 69.5611 72 70.8177 144 72.0743 216 
99 69.39 0 70.5611 72 71.8177 144 73.0743 216 
100 70.3219 0 71.5611 72 72.8177 144 74.0743 216 74.9121 288 
