1 0.1 0 1.6708 90 
2 0.6 90 2.1708 180 3.74159 270 
3 2.6708 90 4.24159 180 
4 2.1 0 3.6708 90 5.24159 180 6.81239 270 
5 4.6708 90 6.24159 180 
6 5.6708 90 7.24159 180 8.81239 270 10.3832 0 
7 6.6708 90 8.24159 180 9.81239 270 
8 6.1 0 7.6708 90 9.24159 180 10.8124 270 
9 8.6708 90 10.2416 180 
10 9.6708 90 11.2416 180 12.8124 270 14.3832 0 
11 9.101 0 10.6718 90 12.2426 180 
12 11.3832 0 12.954 90 14.5248 180 16.0956 270 
13 12.3842 0 13.955 90 15.5258 180 17.0966 270 
14 13.2426 180 14.8134 270 16.3842 0 
15 15.3832 0 16.954 90 18.5248 180 
16 18.0966 270 19.6674 0 21.2382 90 
17 17.3842 0 18.955 90 20.5258 180 22.0966 270 
18 17.954 90 19.5248 180 21.0956 270 22.6664 0 
19 19.955 90 21.5258 180 23.0966 270 
20 22.5258 180 24.0966 270 
21 19.0966 270 20.6674 0 22.2382 90 23.809 180 
22 24.809 180 26.3798 270 
23 27.3798 270 28.9506 0 30.5214 90 
24 26.809 180 28.3798 270 29.9506 0 31.5214 90 
25 26.2382 90 27.809 180 29.3798 270 
27 25.0966 270 26.6674 0 
26 14.956 90 16.5268 180 
28 27.2382 90 28.809 180 30.3798 270 
29 31.3798 270 32.9506 0 34.5214 90 
30 27.6684 0 29.2392 90 30.81 180 32.3808 270 
31 31.81 180 33.3808 270 
32 32.5214 90 34.0921 180 35.6629 270 
33 28.2382 90 29.809 180 
34 33.5214 90 35.0921 180 36.6629 270 
35 35.5214 90 37.0921 180 38.6629 270 40.2337 0 
36 32.81 180 34.3808 270 35.9516 0 
37 34.9516 0 36.5224 90 38.0931 180 
38 23.6664 0 25.2372 90 
39 37.5224 90 39.0931 180 40.6639 270 42.2347 0 
40 38.5224 90 40.0931 180 41.6639 270 43.2347 0 
41 44.2347 0 45.8055 90 47.3763 180 
42 40.5234 90 42.0941 180 43.6649 270 45.2357 0 
43 41.5234 90 43.0941 180 44.6649 270 46.2357 0 
44 39.6639 270 41.2347 0 
45 47.2357 0 48.8065 90 50.3773 180 
46 39.5224 90 41.0931 180 
47 42.5234 90 44.0941 180 45.6649 270 
48 43.5234 90 45.0941 180 
49 48.2357 0 49.8065 90 51.3773 180 
50 46.0941 180 47.6649 270 49.2357 0 50.8065 90 
51 46.8055 90 48.3763 180 49.9471 270 51.5179 0 
52 50.2357 0 51.8065 90 
53 52.5179 0 54.0887 90 55.6595 180 57.2303 270 
54 53.5179 0 55.0887 90 56.6595 180 
55 52.8075 90 54.3783 180 55.9491 270 57.5199 0 
56 54.5179 0 56.0887 90 57.6595 180 
57 47.8055 90 49.3763 180 
58 57.0887 90 58.6595 180 
59 54.9481 270 56.5189 0 58.0897 90 59.6605 180 
60 59.0897 90 60.6605 180 
61 60.0897 90 61.6605 180 
62 58.2303 270 59.8011 0 
63 60.8011 0 62.3719 90 63.9427 180 
64 60.2303 270 61.8011 0 63.3719 90 
65 36.0921 180 37.6629 270 
66 61.2303 270 62.8011 0 64.3719 90 
67 63.8011 0 65.3719 90 
68 64.8011 0 66.3719 90 67.9427 180 
69 62.2303 270 63.8011 0 
70 62.6605 180 64.2313 270 65.8021 0 67.3729 90 
71 64.9427 180 66.5135 270 
72 66.8021 0 68.3729 90 69.9437 180 
73 69.3729 90 70.9437 180 
74 70.3729 90 71.9437 180 73.5145 270 
75 74.5145 270 76.0853 0 77.6561 90 
76 70.8021 0 72.3729 90 73.9437 180 75.5145 270 
77 65.9427 180 67.5135 270 69.0843 0 
78 70.2315 270 71.8023 0 73.3731 90 
79 74.9437 180 76.5145 270 78.0853 0 
80 71.2315 270 72.8023 0 74.3731 90 
81 73.8023 0 75.3731 90 76.9439 180 
82 75.9437 180 77.5145 270 79.0853 0 80.6561 90 
83 78.5145 270 80.0853 0 81.6561 90 
84 77.9439 180 79.5147 270 81.0855 0 
85 66.9427 180 68.5135 270 
86 78.6561 90 80.2269 180 81.7977 270 83.3685 0 
87 79.6561 90 81.2269 180 82.7977 270 84.3685 0 
88 80.5147 270 82.0855 0 83.6563 90 85.2271 180 
89 83.7977 270 85.3685 0 86.9393 90 
90 83.2269 180 84.7977 270 86.3685 0 
91 87.3685 0 88.9393 90 90.5101 180 92.0809 270 
92 86.7977 270 88.3685 0 89.9393 90 91.5101 180 
93 86.2271 180 87.7979 270 89.3687 0 90.9395 90 
94 88.7979 270 90.3687 0 
95 91.3687 0 92.9395 90 94.5103 180 
96 89.2271 180 90.7979 270 92.3687 0 
97 53.948 270 55.5188 0 
98 84.2269 180 85.7977 270 
99 71.3729 90 72.9437 180 
100 85.6571 90 87.2279 180 
