100
1 1 0 2.5708 90 
2 1 90 2.5708 180 4.14159 270 
3 2 90 3.5708 180 
4 2 0 3.5708 90 5.14159 180 6.71239 270 
5 4.5708 90 6.14159 180 
6 5.5708 90 7.14159 180 8.71239 270 10.2832 0 
7 6.5708 90 8.14159 180 9.71239 270 
8 6 0 7.5708 90 9.1416 180 10.7124 270 
9 8.5708 90 10.1416 180 
10 9.5708 90 11.1416 180 12.7124 270 14.2832 0 
11 9 0 10.5708 90 12.1416 180 
12 10 0 11.5708 90 13.1416 180 14.7124 270 
13 11 0 12.5708 90 14.1416 180 15.7124 270 
14 15.1416 180 16.7124 270 18.2832 0 
15 12 0 13.5708 90 15.1416 180 
16 11.4292 270 13 0 14.5708 90 
17 14 0 15.5708 90 17.1416 180 18.7124 270 
18 14.5708 90 16.1416 180 17.7124 270 19.2832 0 
19 16.5708 90 18.1416 180 19.7124 270 
20 19.1416 180 20.7124 270 
21 14.4292 270 16 0 17.5708 90 19.1416 180 
22 20.1416 180 21.7124 270 
23 15.4292 270 17 0 18.5708 90 
24 21.1416 180 22.7124 270 24.2832 0 25.854 90 
25 20.5708 90 22.1416 180 23.7124 270 
26 21.5708 90 23.1416 180 
27 18.7124 270 20.2832 0 
28 22.5708 90 24.1416 180 25.7124 270 
29 19.7124 270 21.2832 0 22.854 90 
30 22.2832 0 23.854 90 25.4248 180 26.9956 270 
31 26.4248 180 27.9956 270 
32 25.854 90 27.4248 180 28.9956 270 
33 26.854 90 28.4248 180 
34 27.854 90 29.4248 180 30.9956 270 
35 28.854 90 30.4248 180 31.9956 270 33.5664 0 
36 31.4248 180 32.9956 270 34.5664 0 
37 23.2832 0 24.854 90 26.4248 180 
38 25.2832 0 26.854 90 
39 30.854 90 32.4248 180 33.9956 270 35.5664 0 
40 31.854 90 33.4248 180 34.9956 270 36.5664 0 
41 28.2832 0 29.854 90 31.4248 180 
42 32.854 90 34.4248 180 35.9956 270 37.5664 0 
43 33.854 90 35.4248 180 36.9956 270 38.5664 0 
44 23.7124 270 25.2832 0 
45 33.2832 0 34.854 90 36.4248 180 
46 35.854 90 37.4248 180 
47 36.854 90 38.4248 180 39.9956 270 
48 37.854 90 39.4248 180 
49 37.2832 0 38.854 90 40.4248 180 
50 36.4248 180 37.9956 270 39.5664 0 41.1372 90 
51 39.854 90 41.4248 180 42.9956 270 44.5664 0 
52 38.2832 0 39.854 90 
53 40.5664 0 42.1372 90 43.708 180 45.2788 270 
54 41.5664 0 43.1372 90 44.708 180 
55 40.854 90 42.4248 180 43.9956 270 45.5664 0 
56 42.5664 0 44.1372 90 45.708 180 
57 45.1372 90 46.708 180 
58 46.1372 90 47.708 180 
59 44.9956 270 46.5664 0 48.1372 90 49.708 180 
60 47.1372 90 48.708 180 
61 49.1372 90 50.708 180 
62 45.9956 270 47.5664 0 
63 48.5664 0 50.1372 90 51.708 180 
64 47.9956 270 49.5664 0 51.1372 90 
65 37.4248 180 38.9956 270 
66 48.9956 270 50.5664 0 52.1372 90 
67 51.5664 0 53.1372 90 
68 52.5664 0 54.1372 90 55.708 180 
69 49.9956 270 51.5664 0 
70 40.4248 180 41.9956 270 43.5664 0 45.1372 90 
71 44.708 180 46.2788 270 
72 53.5664 0 55.1372 90 56.708 180 
73 51.1372 90 52.708 180 
74 52.1372 90 53.708 180 55.2788 270 
75 52.9956 270 54.5664 0 56.1372 90 
76 55.5664 0 57.1372 90 58.708 180 60.2788 270 
77 49.4248 180 50.9956 270 52.5664 0 
78 54.9956 270 56.5664 0 58.1372 90 
79 50.4248 180 51.9956 270 53.5664 0 
80 55.9956 270 57.5664 0 59.1372 90 
81 58.5664 0 60.1372 90 61.708 180 
82 56.4248 180 57.9956 270 59.5664 0 61.1372 90 
83 58.9956 270 60.5664 0 62.1372 90 
84 59.708 180 61.2788 270 62.8496 0 
85 60.708 180 62.2788 270 
86 61.1372 90 62.708 180 64.2788 270 65.8496 0 
87 62.1372 90 63.708 180 65.2788 270 66.8496 0 
88 59.9956 270 61.5664 0 63.1372 90 64.708 180 
89 62.2788 270 63.8496 0 65.4204 90 
90 64.708 180 66.2788 270 67.8496 0 
91 62.5664 0 64.1372 90 65.708 180 67.2788 270 
92 63.2788 270 64.8496 0 66.4204 90 67.9912 180 
93 66.708 180 68.2788 270 69.8496 0 71.4204 90 
94 67.2788 270 68.8496 0 
95 65.8496 0 67.4204 90 68.9912 180 
96 67.708 180 69.2788 270 70.8496 0 
97 70.2788 270 71.8496 0 
98 68.708 180 70.2788 270 
99 65.1372 90 66.708 180 
100 68.4204 90 69.9912 180 
