30
1 1 270 2.5708 0 4.14159 90 5.71239 180 
2 1 90 2.5708 180 4.14159 270 
3 1 0 2.5708 90 
4 2 90 3.5708 180 5.14159 270 
5 3.1 270 4.6708 0 6.24159 90 7.81239 180 
6 5.14159 90 6.71239 180 
7 4.1 270 5.6708 0 
8 5.6708 0 7.24159 90 
9 7.24159 90 8.81239 180 10.3832 270 11.954 0 
10 8.24159 90 9.81239 180 11.3832 270 12.954 0 
11 8.3 270 9.8708 0 
12 10.8124 180 12.3832 270 13.954 0 
13 10.2416 90 11.8124 180 13.3832 270 
14 9.3 270 10.8708 0 
15 12.8124 180 14.3832 270 15.954 0 
16 13.8124 180 15.3832 270 
17 13.3832 270 14.954 0 16.5248 90 18.0956 180 
18 11.2416 90 12.8124 180 
19 14.8124 180 16.3832 270 
20 14.2416 90 15.8124 180 17.3832 270 18.954 0 
21 15.3832 270 16.954 0 18.5248 90 20.0956 180 
22 13.6708 0 15.2416 90 16.8124 180 
23 17.5248 90 19.0956 180 
24 17.954 0 19.5248 90 21.0956 180 
25 18.954 0 20.5248 90 22.0956 180 
26 21.5248 90 23.0956 180 24.6664 270 26.2372 0 
27 20.954 0 22.5248 90 24.0956 180 25.6664 270 
28 18.8124 180 20.3832 270 21.954 0 23.5248 90 
29 23.5248 90 25.0956 180 
30 19.8124 180 21.3832 270 22.954 0 24.5248 90 
