1 1 216 2.25664 288 3.51327 0 4.76991 72 6.02655 144 
2 2 216 3.25664 288 4.51327 0 5.76991 72 7.02655 144 
4 1.5 0 2.75664 72 4.01327 144 5.26991 216 6.52655 288 
3 7.52655 288 8.78319 0 10.0398 72 11.2965 144 12.5531 216 
5 13.5531 216 14.8097 288 16.0664 0 17.323 72 18.5796 144 
6 15.8097 288 17.0664 0 18.323 72 19.5796 144 20.8363 216 
7 3.4 216 4.65664 288 5.91327 0 7.16991 72 
8 21.8363 216 23.0929 288 24.3496 0 25.6062 72 26.8628 144 
9 24.0929 288 25.3496 0 26.6062 72 27.8628 144 
10 28.8628 144 30.1195 216 31.3761 288 
11 29.8628 144 31.1195 216 32.3761 288 33.6327 0 34.8894 72 
12 35.8894 72 37.146 144 
13 36.8894 72 38.146 144 39.4027 216 40.6593 288 
14 41.6593 288 42.9159 0 44.1726 72 
16 42.6593 288 43.9159 0 45.1726 72 46.4292 144 
15 43.6593 288 44.9159 0 46.1726 72 47.4292 144 
17 44.6593 288 45.9159 0 47.1726 72 
18 46.9159 0 48.1726 72 
19 8.4 144 9.65664 216 
20 47.9159 0 49.1726 72 50.4292 144 
21 50.1726 72 51.4292 144 52.6858 216 
22 51.1726 72 52.4292 144 
23 53.4292 144 54.6858 216 
24 53.1726 72 54.4292 144 55.6858 216 56.9425 288 58.1991 0 
25 55.4292 144 56.6858 216 57.9425 288 
26 13.4 288 14.6566 0 15.9133 72 17.1699 144 
27 14.5 72 15.7566 144 
28 58.9425 288 60.1991 0 
29 56.4292 144 57.6858 216 
30 59.9425 288 61.1991 0 62.4557 72 
31 63.4557 72 64.7124 144 
32 64.4557 72 65.7124 144 66.969 216 68.2257 288 69.4823 0 
33 65.4557 72 66.7124 144 67.969 216 69.2257 288 70.4823 0 
34 19.6 0 20.8566 72 22.1133 144 
35 20 288 21.2566 0 22.5133 72 23.7699 144 25.0265 216 
36 68.969 216 70.2257 288 71.4823 0 72.7389 72 
37 21.1 288 22.3566 0 23.6133 72 
38 71.2257 288 72.4823 0 73.7389 72 
39 72.2257 288 73.4823 0 74.7389 72 
40 71.969 216 73.2257 288 74.4823 0 75.7389 72 76.9956 144 
41 76.7389 72 77.9956 144 79.2522 216 
42 78.9956 144 80.2522 216 81.5088 288 82.7655 0 
43 82.5088 288 83.7655 0 85.0221 72 86.2788 144 87.5354 216 
44 87.2788 144 88.5354 216 89.792 288 
45 88.2788 144 89.5354 216 90.792 288 92.0487 0 
46 86.0221 72 87.2788 144 
47 24.9 144 26.1566 216 27.4133 288 28.6699 0 
48 89.2788 144 90.5354 216 
49 90.2788 144 91.5354 216 92.792 288 94.0487 0 95.3053 72 
51 96.3053 72 97.5619 144 
50 96.0487 0 97.3053 72 98.5619 144 
52 97.0487 0 98.3053 72 99.5619 144 
53 92.5354 216 93.792 288 95.0487 0 
54 96.792 288 98.0487 0 99.3053 72 100.562 144 
55 97.792 288 99.0487 0 
56 98.792 288 100.049 0 
57 100.305 72 101.562 144 102.819 216 
58 28.6 216 29.8566 288 
59 101.049 0 102.305 72 103.562 144 104.819 216 106.075 288 
60 102.049 0 103.305 72 
61 105.819 216 107.075 288 108.332 0 109.588 72 110.845 144 
62 111.845 144 113.102 216 114.358 288 
63 114.102 216 115.358 288 116.615 0 117.872 72 
64 30 72 31.2566 144 32.5133 216 33.7699 288 35.0265 0 
65 115.102 216 116.358 288 117.615 0 118.872 72 120.128 144 
66 117.358 288 118.615 0 119.872 72 121.128 144 122.385 216 
67 118.358 288 119.615 0 
68 32 72 33.2566 144 34.5133 216 35.7699 288 37.0265 0 
69 119.358 288 120.615 0 121.872 72 
70 122.872 72 124.128 144 
71 121.615 0 122.872 72 
72 121.358 288 122.615 0 123.872 72 
73 122.358 288 123.615 0 124.872 72 126.128 144 127.385 216 
74 123.358 288 124.615 0 
75 125.872 72 127.128 144 128.385 216 129.642 288 130.898 0 
76 35.1 144 36.3566 216 
78 126.872 72 128.128 144 129.385 216 130.642 288 
77 127.872 72 129.128 144 130.385 216 
79 131.385 216 132.642 288 133.898 0 135.155 72 
80 132.385 216 133.642 288 134.898 0 136.155 72 
81 135.898 0 137.155 72 138.411 144 
82 138.155 72 139.411 144 140.668 216 
83 38.3 216 39.5566 288 
84 38.4 0 39.6566 72 
85 140.411 144 141.668 216 142.925 288 
86 141.411 144 142.668 216 143.925 288 
87 139.155 72 140.411 144 
88 142.411 144 143.668 216 144.925 288 146.181 0 
89 41.9 72 43.1566 144 44.4133 216 
90 144.668 216 145.925 288 
91 145.668 216 146.925 288 148.181 0 149.438 72 
92 146.668 216 147.925 288 149.181 0 
93 150.438 72 151.695 144 
94 151.438 72 152.695 144 153.951 216 155.208 288 
95 154.951 216 156.208 288 
96 153.438 72 154.695 144 155.951 216 157.208 288 158.465 0 
97 45.6 216 46.8566 288 
98 154.438 72 155.695 144 156.951 216 
99 159.465 0 160.721 72 161.978 144 163.235 216 
100 160.465 0 161.721 72 162.978 144 164.235 216 165.491 288 
