30
1 0.3 270 1.8708 0 3.44159 90 5.01239 180 
2 0.5 90 2.0708 180 3.64159 270 
3 0.7 0 2.2708 90 
4 1.501 90 3.0718 180 4.64259 270 
5 3.1 270 4.6708 0 6.24159 90 7.81239 180 
6 4.44159 90 6.01239 180 
7 4.1 270 5.6708 5.68434e-14 
8 5.6708 0 7.24159 90 
9 7.24159 90 8.81239 180 10.3832 270 11.954 5.68434e-14 
10 9.81239 90 11.3832 180 12.954 270 14.5248 5.68434e-14 
11 8.3 270 9.8708 5.68434e-14 
12 9.81239 180 11.3832 270 12.954 5.68434e-14 
13 10.8124 90 12.3832 180 13.954 270 
14 9.301 270 10.8718 5.68434e-14 
15 13.3832 180 14.954 270 16.5248 5.68434e-14 
16 14.3832 180 15.954 270 
17 13.954 270 15.5248 0 17.0956 90 18.6664 180 
18 11.8124 90 13.3832 180 
19 15.3832 180 16.954 270 
20 14.8134 90 16.3842 180 17.955 270 19.5258 5.68434e-14 
21 15.954 270 17.5248 0 19.0956 90 20.6664 180 
22 14.243 0 15.8138 90 17.3846 180 
23 13.1 90 14.6708 180 
24 16.5248 0 18.0956 90 19.6664 180 
25 18.5248 0 20.0956 90 21.6664 180 
26 21.0956 90 22.6664 180 24.2372 270 25.808 5.68434e-14 
27 22.0956 0 23.6664 90 25.2372 180 26.808 270 
28 17.385 180 18.9558 270 20.5266 0 22.0974 90 
29 22.0956 90 23.6664 180 
30 19.954 180 21.5248 270 23.0956 0 24.6664 90 
