200
1 0.7 180 2.2708 270 3.84159 0 
2 1.7 180 3.2708 270 4.84159 0 6.41239 90 
3 1.3 90 2.8708 180 4.44159 270 
4 2.3 90 3.8708 180 5.44159 270 7.01239 0 
5 4.8708 180 6.44159 270 8.01239 0 
6 5.8708 180 7.44159 270 
7 6.8708 180 8.44159 270 10.0124 0 11.5832 90 
8 7.8708 180 9.44159 270 
9 9.44159 270 11.0124 0 
10 7.3 90 8.8708 180 10.4416 270 12.0124 0 
11 11.4416 270 13.0124 0 
12 7.6 0 9.1708 90 10.7416 180 
13 10.1708 90 11.7416 180 13.3124 270 14.8832 0 
14 11.1708 90 12.7416 180 14.3124 270 15.8832 0 
15 15.3124 270 16.8832 0 18.454 90 20.0248 180 
16 11.0124 0 12.5832 90 14.154 180 
17 13.5832 90 15.154 180 16.7248 270 
18 12.0124 0 13.5832 90 
19 16.3124 270 17.8832 0 
20 13.0124 0 14.5832 90 16.154 180 
21 17.3124 270 18.8832 0 20.454 90 22.0248 180 
22 18.3124 270 19.8832 0 21.454 90 23.0248 180 
23 14.0124 0 15.5832 90 17.154 180 
24 19.3124 270 20.8832 0 22.454 90 
25 15.0124 0 16.5832 90 
26 21.8832 0 23.454 90 25.0248 180 
27 24.454 90 26.0248 180 27.5956 270 
28 27.0248 180 28.5956 270 30.1664 0 
29 28.0248 180 29.5956 270 31.1664 0 32.7372 90 
30 25.454 90 27.0248 180 
31 27.454 90 29.0248 180 30.5956 270 32.1664 0 
32 22.8832 0 24.454 90 
33 28.454 90 30.0248 180 31.5956 270 33.1664 0 
34 26.3124 270 27.8832 0 29.454 90 31.0248 180 
35 27.3124 270 28.8832 0 
36 31.0248 180 32.5956 270 34.1664 0 
37 33.5956 270 35.1664 0 
38 33.0248 180 34.5956 270 36.1664 0 
39 32.454 90 34.0248 180 35.5956 270 
40 33.454 90 35.0248 180 36.5956 270 38.1664 0 
41 36.0248 180 37.5956 270 39.1664 0 
42 37.0248 180 38.5956 270 40.1664 0 41.7372 90 
43 38.0248 180 39.5956 270 
44 39.5956 270 41.1664 0 42.7372 90 44.308 180 
45 34.454 90 36.0248 180 
46 39.0248 180 40.5956 270 42.1664 0 43.7372 90 
47 41.5956 270 43.1664 0 
48 41.0248 180 42.5956 270 44.1664 0 
49 43.5956 270 45.1664 0 
50 35.454 90 37.0248 180 
51 43.0248 180 44.5956 270 46.1664 0 
52 43.7372 90 45.308 180 46.8788 270 
53 44.0248 180 45.5956 270 47.1664 0 48.7372 90 
54 43.1664 0 44.7372 90 46.308 180 47.8788 270 
55 44.1664 0 45.7372 90 47.308 180 
56 46.7372 90 48.308 180 49.8788 270 
57 46.5956 270 48.1664 0 49.7372 90 
58 49.1664 0 50.7372 90 52.308 180 53.8788 270 
59 50.1664 0 51.7372 90 
60 51.1664 0 52.7372 90 54.308 180 
61 52.1664 0 53.7372 90 55.308 180 
62 53.1664 0 54.7372 90 56.308 180 57.8788 270 
63 54.1664 0 55.7372 90 57.308 180 
64 57.308 180 58.8788 270 60.4496 0 
65 55.1664 0 56.7372 90 58.308 180 59.8788 270 
66 56.1664 0 57.7372 90 59.308 180 60.8788 270 
67 60.308 180 61.8788 270 
68 47.7372 90 49.308 180 50.8788 270 
69 47.5956 270 49.1664 0 
70 59.8788 270 61.4496 0 63.0204 90 64.5911 180 
71 60.8788 270 62.4496 0 
72 61.8788 270 63.4496 0 65.0204 90 
73 61.308 180 62.8788 270 
74 48.7372 90 50.308 180 
75 62.308 180 63.8788 270 65.4496 0 
76 49.7372 90 51.308 180 
77 62.8788 270 64.4496 0 66.0204 90 
78 64.8788 270 66.4496 0 
79 65.8788 270 67.4496 0 
80 66.8788 270 68.4496 0 
81 67.8788 270 69.4496 0 
82 57.1664 0 58.7372 90 
83 68.8788 270 70.4496 0 
84 60.1674 0 61.7382 90 63.309 180 64.8798 270 
85 62.4496 0 64.0204 90 65.5911 180 67.1619 270 
86 69.8788 270 71.4496 0 73.0204 90 
87 69.308 180 70.8788 270 72.4496 0 
88 71.8788 270 73.4496 0 75.0204 90 
89 72.8788 270 74.4496 0 76.0204 90 77.5911 180 
90 72.308 180 73.8788 270 75.4496 0 
91 75.4496 0 77.0204 90 78.5911 180 
92 73.308 180 74.8788 270 76.4496 0 
93 75.8788 270 77.4496 0 79.0204 90 
94 76.4496 0 78.0204 90 
95 78.4496 0 80.0204 90 81.5911 180 
96 79.4496 0 81.0204 90 
97 80.4496 0 82.0204 90 83.5911 180 
98 73.7374 90 75.3081 180 76.8789 270 78.4497 0 
99 74.308 180 75.8788 270 
100 74.7374 90 76.3081 180 77.8789 270 79.4497 0 
101 81.4496 0 83.0204 90 84.5911 180 86.1619 270 
102 82.4496 0 84.0204 90 
103 81.8788 270 83.4496 0 85.0204 90 86.5911 180 
104 78.0204 90 79.5911 180 81.1619 270 
105 85.5911 180 87.1619 270 88.7327 0 90.3035 90 
106 86.5911 180 88.1619 270 89.7327 0 
107 82.8788 270 84.4496 0 86.0204 90 
108 83.8788 270 85.4496 0 
109 84.8788 270 86.4496 0 88.0204 90 89.5911 180 
110 85.8788 270 87.4496 0 89.0204 90 
111 85.4496 0 87.0204 90 
112 81.0204 90 82.5911 180 84.1619 270 
113 87.5911 180 89.1619 270 
114 89.0204 90 90.5911 180 92.1619 270 
115 88.5911 180 90.1619 270 91.7327 0 
116 89.1619 270 90.7327 0 92.3035 90 
117 91.1619 270 92.7327 0 94.3035 90 95.8743 180 
118 91.5911 180 93.1619 270 94.7327 0 96.3035 90 
119 92.1619 270 93.7327 0 95.3035 90 96.8743 180 
120 94.1619 270 95.7327 0 97.3035 90 
121 93.5911 180 95.1619 270 96.7327 0 
122 94.5911 180 96.1619 270 97.7327 0 99.3035 90 
123 97.1619 270 98.7327 0 100.304 90 
124 95.5911 180 97.1619 270 
125 98.1619 270 99.7327 0 101.304 90 102.874 180 
126 102.304 90 103.874 180 105.445 270 
127 101.733 0 103.304 90 104.874 180 
128 99.1619 270 100.733 0 102.304 90 
129 100.162 270 101.733 0 
130 96.5911 180 98.1619 270 
131 102.733 0 104.304 90 105.874 180 
132 103.733 0 105.304 90 
133 103.162 270 104.733 0 106.304 90 107.874 180 
134 104.874 180 106.445 270 108.016 0 109.587 90 
135 105.874 180 107.445 270 109.016 0 
136 105.733 0 107.304 90 108.874 180 110.445 270 
137 105.162 270 106.733 0 108.304 90 109.874 180 
138 106.874 180 108.445 270 
139 109.304 90 110.874 180 112.445 270 114.016 0 
140 108.445 270 110.016 0 111.587 90 
141 110.304 90 111.874 180 113.445 270 115.016 0 
142 111.016 0 112.587 90 114.158 180 
143 111.304 90 112.874 180 114.445 270 
144 112.016 0 113.587 90 115.158 180 
145 114.587 90 116.158 180 117.728 270 
146 115.587 90 117.158 180 
147 116.587 90 118.158 180 119.728 270 
148 109.445 270 111.016 0 
149 114.445 270 116.016 0 117.587 90 
150 117.016 0 118.587 90 120.158 180 
151 118.016 0 119.587 90 
152 115.445 270 117.016 0 
153 117.587 90 119.158 180 120.728 270 
154 119.587 90 121.158 180 122.728 270 
155 122.158 180 123.728 270 125.299 0 126.87 90 
156 119.016 0 120.587 90 122.158 180 
157 121.587 90 123.158 180 124.728 270 126.299 0 
158 124.158 180 125.728 270 
159 125.158 180 126.728 270 128.299 0 129.87 90 
160 126.158 180 127.728 270 
161 120.016 0 121.587 90 
162 125.587 90 127.158 180 128.728 270 
163 128.158 180 129.728 270 
164 129.299 0 130.87 90 132.441 180 134.012 270 
165 126.587 90 128.158 180 
166 130.299 0 131.87 90 133.441 180 135.012 270 
167 129.158 180 130.728 270 132.299 0 133.87 90 
168 128.587 90 130.158 180 131.728 270 
169 116.445 270 118.016 0 
170 131.299 0 132.87 90 134.441 180 136.012 270 
171 131.158 180 132.728 270 134.299 0 135.87 90 
172 135.441 180 137.012 270 
173 129.587 90 131.158 180 
174 133.87 90 135.441 180 
175 134.87 90 136.441 180 
176 135.299 0 136.87 90 138.441 180 
177 136.299 0 137.87 90 139.441 180 141.012 270 
178 119.445 270 121.016 0 122.587 90 124.158 180 
179 137.299 0 138.87 90 140.441 180 
180 135.87 90 137.441 180 139.012 270 140.582 0 
181 138.299 0 139.87 90 141.441 180 143.012 270 
182 120.445 270 122.016 0 123.587 90 125.158 180 
183 121.445 270 123.016 0 
184 136.441 180 138.012 270 
185 140.441 180 142.012 270 143.582 0 145.153 90 
186 137.728 270 139.299 0 140.87 90 142.441 180 
187 142.441 180 144.012 270 145.582 0 
188 140.012 270 141.582 0 143.153 90 144.724 180 
189 141.012 270 142.582 0 144.153 90 145.724 180 
190 141.87 90 143.441 180 145.012 270 146.582 0 
191 145.153 90 146.724 180 148.295 270 
192 143.012 270 144.582 0 146.153 90 147.724 180 
193 144.441 180 146.012 270 147.582 0 
194 145.441 180 147.012 270 
195 147.012 270 148.582 0 
196 147.153 90 148.724 180 
197 147.724 180 149.295 270 150.865 0 152.436 90 
198 148.153 90 149.724 180 151.295 270 152.865 0 
199 148.724 180 150.295 270 
200 149.153 90 150.724 180 152.295 270 
