100
1 0.2 0 1.2472 60 
2 0.3 180 1.3472 240 2.3944 300 3.44159 0 4.48879 60 5.53599 120 
3 0.4 300 1.4472 0 2.4944 60 3.54159 120 4.58879 180 5.63599 240 
4 0.5 120 1.5472 180 2.5944 240 
5 4.44159 0 5.48879 60 6.53599 120 7.58319 180 
6 3.3944 300 4.44159 0 
7 6.48879 60 7.53599 120 8.58319 180 9.28132 240 
8 4.54159 120 5.58879 180 6.63599 240 7.68319 300 8.73038 0 
9 8.53599 120 9.58319 180 10.2813 240 10.9794 300 11.6776 0 12.3757 60 
10 9.53599 120 10.5832 180 11.6304 240 
11 10.536 120 11.5832 180 12.6304 240 13.6776 300 14.7248 0 15.772 60 
12 7.63599 240 8.68319 300 
13 12.5832 180 13.6304 240 14.6776 300 15.7248 0 16.772 60 
14 10.4888 60 11.536 120 12.5832 180 
15 13.5832 180 14.6304 240 15.6776 300 16.7248 0 17.772 60 18.8192 120 
16 6.7 0 7.7472 60 
17 8.684 300 9.7312 0 
18 8.63599 240 9.70126 300 10.6776 0 11.709 60 12.7562 120 13.8034 180 
19 10.948 240 11.9952 300 13.0424 0 14.0896 60 15.1368 120 16.184 180 
20 14.5832 180 15.6304 240 16.6776 300 
21 16.6304 240 17.6776 300 18.7248 0 19.772 60 20.8192 120 
22 9.3 0 10.3472 60 
23 16.1368 120 17.184 180 17.8821 240 
24 17.8506 180 18.5488 240 19.2469 300 19.945 0 20.6432 60 
25 12.709 60 13.7562 120 
26 20.6117 0 21.3098 60 22.008 120 22.7061 180 23.4042 240 24.1024 300 
27 19.4704 240 20.5176 300 22.6047 0 23.6519 60 24.6991 120 
28 17.7568 120 19.8394 180 20.8866 240 
29 20.8394 180 21.8866 240 22.9338 300 23.981 0 
30 16.6776 300 17.7248 0 
31 23.9338 300 24.981 0 26.0282 60 27.0754 120 28.1226 180 29.1698 240 
32 23.3738 180 24.421 240 25.4682 300 
33 24.3738 180 25.421 240 26.4682 300 
34 18.772 60 19.8192 120 20.8664 180 
35 23.6047 0 24.6519 60 25.6991 120 
36 25.3738 180 26.421 240 
37 26.3738 180 27.421 240 28.4682 300 29.5154 0 30.5626 60 31.6097 120 
38 20.4704 240 21.5176 300 
39 27.0289 60 28.0761 120 29.1233 180 30.1705 240 31.2177 300 32.2649 0 
40 28.0289 60 29.0761 120 30.1233 180 31.1705 240 32.2177 300 33.2649 0 
41 31.1233 180 32.1705 240 33.2177 300 34.2649 0 
42 32.1233 180 33.1705 240 34.2177 300 35.2649 0 35.963 60 
43 33.1233 180 34.1705 240 
44 20.8192 120 21.8664 180 
45 33.0761 120 34.1233 180 35.1705 240 35.8686 300 36.5668 0 
46 24.9338 300 25.981 0 27.0282 60 
47 33.0289 60 34.0761 120 35.1233 180 36.1705 240 36.8686 300 37.5668 0 
48 28.4219 240 29.4691 300 
49 35.0761 120 36.1233 180 
50 35.0289 60 36.0761 120 37.1233 180 
51 26.9098 300 27.957 0 29.5531 60 30.6003 120 
52 37.0761 120 38.1233 180 38.8214 240 39.5196 300 40.2177 0 
53 35.9316 0 37.0447 60 38.0761 120 39.1233 180 
54 36.9945 0 38.1076 60 
55 36.8382 240 37.8854 300 38.9326 0 39.9798 60 41.027 120 
56 38.0296 60 39.0768 120 
57 29.4682 300 30.5154 0 31.5626 60 
58 39.0761 120 40.1233 180 40.8214 240 41.5196 300 42.2177 0 
59 42.1862 300 42.8844 0 43.5825 60 
60 42.8529 300 43.551 0 44.2492 60 44.9473 120 
61 43.5196 300 44.2177 0 44.9158 60 45.614 120 46.3121 180 
62 38.791 180 39.8214 240 40.5196 300 41.551 0 42.5982 60 
63 45.5825 60 46.2806 120 46.9788 180 47.6769 240 
64 39.9334 0 40.9806 60 42.0278 120 
65 44.1862 300 44.8844 0 45.5825 60 
66 40.0771 120 41.1243 180 42.1715 240 43.2187 300 
67 44.8529 300 45.551 0 46.2492 60 46.9473 120 47.6454 180 
68 44.8057 240 45.8529 300 46.551 0 47.2492 60 
69 47.2177 0 47.9158 60 48.614 120 49.3121 180 
70 45.8057 240 46.8529 300 47.551 0 
71 47.8844 0 48.5825 60 49.2806 120 49.9788 180 50.6769 240 51.375 300 
72 46.8067 240 47.8539 300 
73 51.3436 240 52.0417 300 52.7398 0 53.438 60 54.1361 120 
74 51.3121 180 52.0102 240 52.7084 300 53.4065 0 
75 48.552 0 49.5992 60 50.6464 120 
76 54.1046 60 54.8028 120 
77 47.5206 300 48.5678 0 
78 52.6769 240 53.375 300 54.0732 0 54.7713 60 55.4694 120 56.1676 180 
79 55.438 60 56.1361 120 56.8342 180 
80 48.5216 300 49.5688 0 50.616 60 51.6632 120 
81 53.3436 240 54.7084 300 55.4065 0 56.1046 60 56.8028 120 
82 49.5226 300 50.5698 0 51.617 60 
83 50.5316 300 51.5788 0 52.438 60 53.4694 120 54.5166 180 
84 53.3121 180 54.6469 240 56.0117 300 56.7098 0 
85 54.5867 180 55.9501 240 57.3149 300 
86 56.0732 0 56.7713 60 57.4694 120 58.1676 180 58.8657 240 59.5638 300 
87 55.8887 180 57.2534 240 58.6182 300 59.6654 0 60.7126 60 
88 57.438 60 58.1361 120 
89 41.0781 120 42.1253 180 43.1725 240 44.2197 300 
90 58.8342 180 59.5324 240 60.2305 300 
91 60.199 240 60.8972 300 61.5953 0 62.2934 60 62.9916 120 
92 62.9601 60 63.6582 120 
93 63.6268 60 64.3249 120 65.023 180 65.7212 240 66.4193 300 67.1174 0 
94 57.3438 0 59.4324 60 60.4796 120 61.5268 180 
95 63.5953 0 64.2934 60 64.9916 120 
96 42.0791 120 43.1263 180 
97 61.4069 180 62.4541 240 63.5013 300 65.5869 0 66.6341 60 67.6813 120 
98 67.6341 60 68.6813 120 69.3794 180 70.0776 240 70.7757 300 71.4738 0 
99 67.5869 0 68.6341 60 69.6813 120 70.3794 180 
100 51.265 120 52.3121 180 53.3593 240 
