1 0.3 270 1.8708 0 3.44159 90 5.01239 180 
2 0.5 90 2.0708 180 3.64159 270 
3 0.7 0 2.2708 90 
4 4.44159 90 6.01239 180 7.58319 270 
5 8.58319 270 10.154 0 11.7248 90 13.2956 180 
6 12.7248 90 14.2956 180 
7 9.58319 270 11.154 0 
8 4.9 0 6.4708 90 
9 13.7248 90 15.2956 180 16.8664 270 18.4372 0 
10 7.5 90 9.0708 180 10.6416 270 12.2124 0 
11 17.8664 270 19.4372 0 
12 17.2956 180 18.8664 270 20.4372 0 
13 8.7 90 10.2708 180 11.8416 270 
14 19.8664 270 21.4372 0 
15 19.2956 180 20.8664 270 22.4372 0 
16 20.2956 180 21.8664 270 
17 22.8664 270 24.4372 0 26.008 90 27.5788 180 
18 10.5 90 12.0708 180 
19 28.5788 180 30.1496 270 
20 28.008 90 29.5788 180 31.1496 270 32.7204 0 
21 32.1496 270 33.7204 0 35.2911 90 36.8619 180 
22 34.7204 0 36.2911 90 37.8619 180 
23 37.2911 90 38.8619 180 
24 36.7204 0 38.2911 90 39.8619 180 
25 37.7204 0 39.2911 90 40.8619 180 
26 40.2911 90 41.8619 180 43.4327 270 45.0035 0 
27 46.0035 0 47.5743 90 49.1451 180 50.7159 270 
28 50.1451 180 51.7159 270 53.2867 0 54.8575 90 
29 55.8575 90 57.4283 180 
30 58.4283 180 59.9991 270 61.5699 0 63.1407 90 
