100
1 1 0 2.0472 60 
2 1 180 2.0472 240 3.0944 300 4.14159 0 5.18879 60 6.23599 120 
3 1 300 2.0472 0 3.0944 60 4.14159 120 5.18879 180 6.23599 240 
4 1 120 2.0472 180 3.0944 240 
5 3.0472 0 4.0944 60 5.14159 120 6.18879 180 
6 2 300 3.0472 0 
7 6.18879 60 7.23599 120 8.28319 180 9.33038 240 
8 2.7 120 3.7472 180 4.7944 240 5.84159 300 6.88879 0 
9 6.14159 120 7.18879 180 8.23599 240 9.28319 300 10.3304 0 11.3776 60 
10 8.23599 120 9.28319 180 10.3304 240 
11 9.23599 120 10.2832 180 11.3304 240 12.3776 300 13.4248 0 14.472 60 
12 5.7944 240 6.84159 300 
13 6.18879 180 7.23599 240 8.28319 300 9.33038 0 10.3776 60 
14 9.18879 60 10.236 120 11.2832 180 
15 11.2832 180 12.3304 240 13.3776 300 14.4248 0 15.472 60 16.5192 120 
16 6.7 0 7.7472 60 
17 6.84159 300 7.88879 0 
18 9.23599 240 10.2832 300 11.3304 0 12.3776 60 13.4248 120 14.472 180 
19 10.236 240 11.2832 300 12.3304 0 13.3776 60 14.4248 120 15.472 180 
20 12.2832 180 13.3304 240 14.3776 300 
21 14.3304 240 15.3776 300 16.4248 0 17.472 60 18.5192 120 
22 17.4248 0 18.472 60 
23 12.236 120 13.2832 180 14.3304 240 
24 15.2832 180 16.3304 240 17.3776 300 18.4248 0 19.472 60 
25 10.3 60 11.3472 120 
26 19.4248 0 20.472 60 21.5192 120 22.5664 180 23.6136 240 24.6608 300 
27 18.3304 240 19.3776 300 20.4248 0 21.472 60 22.5192 120 
28 15.4248 120 16.472 180 17.5192 240 
29 18.2832 180 19.3304 240 20.3776 300 21.4248 0 
30 14.3776 300 15.4248 0 
31 21.3776 300 22.4248 0 23.472 60 24.5192 120 25.5664 180 26.6136 240 
32 19.2832 180 20.3304 240 21.3776 300 
33 20.2832 180 21.3304 240 22.3776 300 
34 18.472 60 19.5192 120 20.5664 180 
35 21.4248 0 22.472 60 23.5192 120 
36 21.2832 180 22.3304 240 
37 23.5664 180 24.6136 240 25.6608 300 26.708 0 27.7552 60 28.8024 120 
38 22.3304 240 23.3776 300 
39 24.472 60 25.5192 120 26.5664 180 27.6136 240 28.6608 300 29.708 0 
40 25.472 60 26.5192 120 27.5664 180 28.6136 240 29.6608 300 30.708 0 
41 24.5664 180 25.6136 240 26.6608 300 27.708 0 
42 28.5664 180 29.6136 240 30.6608 300 31.708 0 32.7552 60 
43 29.5664 180 30.6136 240 
44 16.4248 120 17.472 180 
45 29.5192 120 30.5664 180 31.6136 240 32.6608 300 33.708 0 
46 22.3776 300 23.4248 0 24.472 60 
47 29.472 60 30.5192 120 31.5664 180 32.6136 240 33.6608 300 34.708 0 
48 26.6136 240 27.6608 300 
49 31.5192 120 32.5664 180 
50 31.472 60 32.5192 120 33.5664 180 
51 24.3776 300 25.4248 0 26.472 60 27.5192 120 
52 33.5192 120 34.5664 180 35.6136 240 36.6608 300 37.708 0 
53 32.708 0 33.7552 60 34.8024 120 35.8496 180 
54 33.708 0 34.7552 60 
55 33.6136 240 34.6608 300 35.708 0 36.7552 60 37.8024 120 
56 32.472 60 33.5192 120 
57 27.6608 300 28.708 0 29.7552 60 
58 35.8024 120 36.8496 180 37.8968 240 38.944 300 39.9912 0 
59 35.6608 300 36.708 0 37.7552 60 
60 37.6608 300 38.708 0 39.7552 60 40.8024 120 
61 39.944 300 40.9912 0 42.0384 60 43.0856 120 44.1328 180 
62 38.8496 180 39.8968 240 40.944 300 41.9912 0 43.0384 60 
63 35.7552 60 36.8024 120 37.8496 180 38.8968 240 
64 37.708 0 38.7552 60 39.8024 120 
65 41.944 300 42.9912 0 44.0384 60 
66 38.8024 120 39.8496 180 40.8968 240 41.944 300 
67 42.944 300 43.9912 0 45.0384 60 46.0856 120 47.1328 180 
68 42.8968 240 43.944 300 44.9912 0 46.0384 60 
69 39.708 0 40.7552 60 41.8024 120 42.8496 180 
70 43.8968 240 44.944 300 45.9912 0 
71 45.9912 0 47.0384 60 48.0856 120 49.1328 180 50.18 240 51.2272 300 
72 44.8968 240 45.944 300 
73 45.8968 240 46.944 300 47.9912 0 49.0384 60 50.0856 120 
74 45.8496 180 46.8968 240 47.944 300 48.9912 0 
75 48.9912 0 50.0384 60 51.0856 120 
76 37.7552 60 38.8024 120 
77 48.944 300 49.9912 0 
78 48.8968 240 49.944 300 50.9912 0 52.0384 60 53.0856 120 54.1328 180 
79 43.0384 60 44.0856 120 45.1328 180 
80 50.944 300 51.9912 0 53.0384 60 54.0856 120 
81 51.18 240 52.2272 300 53.2744 0 54.3216 60 55.3687 120 
82 53.2272 300 54.2744 0 55.3216 60 
83 54.2272 300 55.2744 0 56.3216 60 57.3687 120 58.4159 180 
84 53.1328 180 54.18 240 55.2272 300 56.2744 0 
85 54.1328 180 55.18 240 56.2272 300 
86 56.2744 0 57.3216 60 58.3688 120 59.4159 180 60.4631 240 61.5103 300 
87 55.1328 180 56.18 240 57.2272 300 58.2744 0 59.3216 60 
88 44.0384 60 45.0856 120 
89 39.8024 120 40.8496 180 41.8968 240 42.944 300 
90 56.1328 180 57.18 240 58.2272 300 
91 58.18 240 59.2272 300 60.2744 0 61.3216 60 62.3688 120 
92 46.0384 60 47.0856 120 
93 58.3216 60 59.3688 120 60.4159 180 61.4631 240 62.5103 300 63.5575 0 
94 61.2744 0 62.3216 60 63.3688 120 64.416 180 
95 62.2744 0 63.3216 60 64.3688 120 
96 40.8024 120 41.8496 180 
97 61.416 180 62.4631 240 63.5103 300 64.5575 0 65.6047 60 66.6519 120 
98 64.3216 60 65.3688 120 66.416 180 67.4631 240 68.5103 300 69.5575 0 
99 65.5575 0 66.6047 60 67.6519 120 68.6991 180 
100 47.0856 120 48.1328 180 49.18 240 
