200
1 0.3 180 1.3472 240 2.3944 300 3.44159 0 4.48879 60 
2 0.8 120 1.8472 180 2.8944 240 3.94159 300 4.98879 0 6.03599 60 
3 4.94159 300 5.98879 0 7.03599 60 
4 2.1 60 3.1472 120 
5 4.8944 240 5.94159 300 6.98879 0 8.03599 60 8.73412 120 9.43225 180 
6 3.1 60 4.1472 120 5.1944 180 6.24159 240 
7 5.1472 120 6.1944 180 7.24159 240 8.28879 300 
8 5.053 60 7.14301 120 8.19021 180 9.23741 240 10.2846 300 
9 7.98879 0 9.03599 60 
10 9.40079 120 10.448 180 11.4952 240 12.5424 300 13.5896 0 
11 9.19021 180 10.2374 240 11.2846 300 12.3318 0 13.379 60 14.4262 120 
12 11.448 180 12.4952 240 13.5424 300 14.5896 0 15.6368 60 16.684 120 
13 9.2 300 10.2472 0 
14 11.4008 120 12.448 180 13.4952 240 14.5424 300 15.5896 0 16.6368 60 
15 11.6 60 12.6472 120 13.6944 180 
16 13.448 180 14.4952 240 15.5424 300 16.5896 0 17.6368 60 
17 13.332 0 14.3792 60 15.4264 120 16.4736 180 
18 15.4952 240 16.5424 300 17.5896 0 18.6368 60 19.684 120 
19 17.5424 300 18.5896 0 19.6368 60 
20 15.448 180 16.4952 240 17.5424 300 
21 18.5424 300 19.5896 0 20.6368 60 
22 16.448 180 17.4952 240 
23 18.4952 240 19.5424 300 20.5896 0 21.6368 60 
24 16.4264 120 18.4637 180 19.4952 240 20.5424 300 
25 18.3719 120 20.4092 180 
26 20.4952 240 21.5424 300 22.5896 0 23.6368 60 
27 17.6 60 18.6472 120 
28 20.3174 120 22.3547 180 23.4019 240 24.4491 300 25.4963 0 26.5435 60 
29 20.2702 60 22.2629 120 24.3002 180 24.9983 240 25.6965 300 
30 26.4963 0 27.5435 60 28.2416 120 
31 24.2084 120 26.2457 180 
32 20.406 180 22.3847 240 23.4319 300 24.4791 0 25.5263 60 
33 24.9669 180 26.0141 240 27.0613 300 28.1085 0 29.1557 60 30.2029 120 
34 26.1539 120 28.1912 180 29.2384 240 
35 28.0613 300 29.1085 0 30.1557 60 31.2029 120 
36 30.1085 0 31.1557 60 32.2029 120 33.2501 180 
37 31.1085 0 32.1557 60 
38 31.0613 300 32.1085 0 33.1557 60 33.8538 120 34.5519 180 
39 24.1 60 25.1472 120 
40 33.8223 60 34.5205 120 35.2186 180 
41 27.0141 240 28.0613 300 
42 32.0613 300 33.7909 0 34.489 60 35.1871 120 
43 28.0141 240 29.0613 300 30.1085 0 
44 33.7129 300 35.4425 0 36.1406 60 36.8388 120 37.5369 180 38.235 240 
45 33.6657 240 35.3646 300 37.0942 0 
46 36.1092 0 36.8073 60 37.5054 120 38.2036 180 38.9017 240 
47 38.8702 180 39.5684 240 40.2665 300 40.9646 0 41.6628 60 
48 37.474 60 38.8388 120 39.5369 180 40.235 240 40.9332 300 41.6313 0 
49 35.289 240 36.9656 300 
50 37.0172 300 38.7246 0 
51 39.5054 120 40.2036 180 40.9017 240 41.5998 300 42.298 0 42.9961 60 
52 40.1721 120 40.8702 180 41.5684 240 42.2665 300 
53 41.5369 180 42.235 240 42.9332 300 43.6313 0 44.3294 60 
54 38.6667 300 39.9525 0 40.9961 60 42.0433 120 43.0905 180 44.1377 240 
55 43.0433 120 44.0905 180 45.1377 240 45.8358 300 46.534 0 47.2321 60 
56 44.0433 120 45.0905 180 46.1377 240 46.8358 300 47.534 0 48.2321 60 
57 43.6008 300 44.648 0 
58 45.0433 120 46.0905 180 
59 46.0433 120 47.0905 180 
60 46.0905 180 47.1377 240 47.8358 300 
61 47.0433 120 48.0905 180 48.7886 240 49.4868 300 
62 44.6068 300 45.534 0 46.5654 60 47.6126 120 
63 48.7572 180 49.4553 240 50.1534 300 50.8516 0 51.5497 60 
64 49.4238 180 50.122 240 
65 47.5035 300 48.5507 0 
66 51.5182 0 52.2164 60 52.9145 120 53.6126 180 54.3108 240 
67 48.0443 120 49.0915 180 
68 53.5812 120 54.2793 180 54.9774 240 55.6756 300 56.3737 0 
69 52.1849 0 52.883 60 
70 54.2478 120 54.946 180 
71 48.5045 300 49.5517 0 
72 50.8205 300 51.8677 0 
73 56.3422 300 57.0403 0 
74 54.9145 120 55.6126 180 
75 50.8 60 51.8472 120 52.6126 180 53.6441 240 54.6913 300 
76 57.0089 300 57.707 0 58.4051 60 59.1033 120 59.8014 180 60.4995 240 
77 54.821 60 56.8948 120 57.942 180 
78 57.6756 300 58.3737 0 59.0718 60 59.7699 120 60.4681 180 
79 57.9022 120 58.8014 180 59.8329 240 60.8801 300 61.9273 0 
80 58.3432 300 59.3904 0 60.4376 60 61.4848 120 
81 61.4376 60 62.4848 120 63.1829 180 
82 63.1515 120 63.8496 180 64.5477 240 
83 61.3904 0 63.1043 60 64.1515 120 64.8496 180 
84 63.027 0 64.7409 60 65.7881 120 66.8353 180 67.8825 240 68.9297 300 
85 64.6637 0 66.3775 60 67.0756 120 
86 67.0442 60 67.7423 120 68.4404 180 69.1386 240 69.8367 300 70.5348 0 
87 60.469 180 61.5162 240 
88 64.856 240 65.9032 300 66.9504 0 69.0314 60 70.0786 120 
89 67.891 300 68.9382 0 71.0052 60 72.0524 120 73.0996 180 
90 61.9 180 62.9472 240 
91 69.1071 180 69.5775 240 70.2756 300 70.9737 0 72.0052 60 73.0524 120 
92 71.9587 0 73.0052 60 74.0524 120 74.7505 180 75.4487 240 76.1468 300 
93 72.958 0 74.0052 60 75.0524 120 75.7505 180 76.4487 240 
94 71.8172 240 72.8643 300 74.9433 0 75.9905 60 77.0377 120 78.0849 180 
95 75.9433 0 76.9905 60 78.0377 120 79.0849 180 
96 70.9424 300 71.9896 0 
97 72.8172 240 74.8496 300 76.9285 0 
98 76.9433 0 77.9905 60 79.0377 120 
99 76.8348 300 78.9138 0 79.6119 60 80.31 120 81.0082 180 
100 80.2786 60 80.9767 120 81.6748 180 
101 80.9452 60 81.6434 120 82.3415 180 
102 80.9138 0 81.6119 60 82.31 120 
103 76.8034 240 80.8201 300 82.899 0 83.5972 60 
104 82.8053 300 84.8843 0 85.9315 60 86.9787 120 88.0259 180 89.0731 240 
105 68.9 120 69.9472 180 
106 89.0259 180 90.0731 240 90.7712 300 91.4693 0 
107 86.9315 60 87.9787 120 
108 88.9787 120 90.0259 180 91.0731 240 91.7712 300 
109 91.0259 180 92.0731 240 93.1203 300 94.1674 0 95.2146 60 
110 86.8377 0 88.9183 60 90.2574 120 91.3046 180 
111 92.0259 180 93.0731 240 
112 93.0259 180 94.0731 240 
113 92.9787 120 94.0259 180 95.0731 240 95.7712 300 96.4693 0 
114 80.726 240 82.8124 300 
115 95.0259 180 96.0731 240 96.7712 300 97.4693 0 
116 91.8375 0 92.8847 60 94.9688 120 96.2352 180 97.2823 240 98.3295 300 
117 97.2352 180 98.2823 240 99.3295 300 
118 98.2352 180 99.2823 240 100.33 300 101.377 0 102.424 60 103.471 120 
119 86.7436 300 88.8319 0 90.7491 60 91.7963 120 
120 98.1781 120 99.4444 180 100.143 240 
121 93.0737 240 94.1209 300 95.1681 0 96.2153 60 97.1781 120 98.2253 180 
122 100.282 240 101.33 300 102.377 0 103.424 60 104.471 120 
123 101.282 240 102.33 300 
124 88.7418 300 90.7414 0 91.7886 60 92.8358 120 
125 98.0837 60 100.178 120 101.225 180 102.493 240 103.54 300 104.587 0 
126 103.493 240 104.54 300 105.587 0 106.286 60 
127 103.436 180 104.509 240 105.54 300 106.587 0 
128 103.377 0 104.424 60 105.471 120 106.518 180 107.566 240 108.613 300 
129 104.377 0 105.424 60 106.471 120 
130 106.254 0 106.952 60 107.65 120 
131 103.342 120 105.425 180 106.472 240 107.52 300 108.567 0 
132 106.471 120 107.518 180 108.566 240 109.613 300 
133 107.619 60 108.317 120 109.015 180 109.713 240 
134 108.984 120 109.682 180 110.38 240 111.078 300 111.776 0 112.474 60 
135 109.65 120 110.349 180 111.047 240 111.745 300 
136 97.4379 300 98.4851 0 100.084 60 102.178 120 103.225 180 
137 98.9739 300 100.021 0 101.409 60 
138 111.745 300 112.443 0 113.141 60 113.839 120 114.537 180 
139 112.411 300 113.11 0 113.808 60 114.506 120 115.204 180 115.902 240 
140 110.318 120 111.365 180 112.412 240 113.46 300 
141 110.225 60 112.298 120 113.346 180 114.393 240 
142 114.474 60 115.172 120 115.871 180 
143 115.839 120 116.537 180 
144 113.078 300 114.443 0 115.141 60 115.839 120 
145 113.412 240 114.46 300 115.158 0 115.856 60 116.554 120 117.252 180 
146 115.126 300 115.824 0 
147 117.221 120 117.919 180 118.617 240 119.315 300 120.013 0 
148 117.887 120 118.585 180 119.284 240 119.982 300 
149 106.922 0 107.969 60 
150 117.856 60 118.554 120 119.252 180 119.95 240 120.648 300 
151 107.922 0 108.969 60 110.016 120 
152 115.872 180 116.919 240 117.966 300 119.013 0 
153 115.04 240 116.946 300 117.993 0 119.04 60 
154 119.982 300 120.68 0 121.378 60 122.076 120 
155 118.993 0 120.04 60 121.087 120 122.134 180 
156 119.222 120 120.269 180 121.316 240 122.363 300 123.41 0 
157 121.347 0 122.045 60 122.743 120 123.441 180 124.139 240 124.837 300 
158 122.711 60 123.409 120 124.108 180 124.806 240 
159 121.296 300 122.409 0 123.456 60 
160 121.269 180 122.316 240 123.363 300 124.41 0 125.458 60 
161 123.409 0 124.456 60 125.503 120 126.55 180 
162 124.363 300 125.41 0 
163 123.379 60 124.426 120 125.473 180 126.521 240 127.568 300 
164 127.521 240 128.568 300 129.266 0 129.964 60 130.662 120 
165 126.503 120 127.55 180 128.598 240 129.645 300 
166 129.598 240 130.645 300 131.343 0 132.041 60 
167 126.409 60 128.499 120 129.546 180 130.686 240 131.733 300 132.781 0 
168 131.686 240 132.733 300 133.781 0 134.479 60 135.177 120 
169 122.269 180 123.316 240 
170 126.335 300 127.382 0 128.43 60 129.966 120 
171 131.635 180 132.702 240 133.733 300 134.781 0 135.479 60 136.177 120 
172 133.687 240 134.734 300 135.781 0 
173 129.234 300 130.282 0 131.329 60 
174 132.01 0 133.057 60 134.104 120 135.151 180 136.198 240 137.246 300 
175 131.541 120 133.624 180 134.671 240 
176 135.104 120 136.151 180 137.198 240 138.246 300 
177 134.688 240 135.735 300 
178 135.447 0 136.494 60 137.542 120 138.589 180 
179 137.151 180 138.198 240 139.246 300 139.944 0 
180 136.447 0 137.494 60 
181 137.494 60 138.542 120 139.589 180 140.287 240 
182 136.105 120 137.152 180 
183 139.542 120 140.589 180 141.287 240 141.985 300 142.683 0 
184 139.199 240 140.246 300 141.293 0 142.34 60 
185 142.293 0 143.34 60 
186 140.2 240 141.247 300 
187 141.954 240 142.652 300 143.35 0 144.048 60 144.746 120 145.444 180 
188 142.62 240 143.668 300 144.715 0 145.762 60 
189 143.62 240 144.668 300 
190 136.353 300 138.442 0 139.489 60 140.649 120 141.697 180 
191 144.62 240 145.668 300 146.366 0 147.064 60 147.762 120 148.46 180 
192 146.334 300 147.381 0 148.429 60 149.476 120 150.523 180 
193 140.598 60 141.736 120 
194 146.287 240 147.334 300 148.381 0 149.429 60 150.476 120 151.523 180 
195 148.334 300 149.381 0 150.429 60 151.476 120 152.523 180 
196 152.476 120 153.523 180 
197 146.256 180 147.287 240 148.334 300 
198 148.287 240 149.334 300 150.381 0 151.429 60 152.476 120 
199 141.685 60 142.822 120 143.87 180 
200 151.381 0 152.429 60 
