1 0 72 1.25664 144 2.51327 216 
2 0.2 288 1.45664 0 2.71327 72 
3 2.45664 0 3.71327 72 4.96991 144 6.22655 216 
4 2.2 288 3.45664 0 4.71327 72 5.96991 144 
5 6.96991 144 8.22655 216 
6 7.96991 144 9.22655 216 10.4832 288 11.7398 0 
7 11.4832 288 12.7398 0 13.9965 72 
8 14.9965 72 16.2531 144 
9 17.2531 144 18.5097 216 19.7664 288 21.023 0 22.2796 72 
10 23.2796 72 24.5363 144 25.7929 216 27.0496 288 28.3062 0 
11 24.2796 72 25.5363 144 
12 25.2796 72 26.5363 144 27.7929 216 
13 27.5363 144 28.7929 216 30.0496 288 
14 27.2796 72 28.5363 144 29.7929 216 31.0496 288 32.3062 0 
15 28.2796 72 29.5363 144 30.7929 216 32.0496 288 
16 7.9 288 9.15664 0 
17 9.3 72 10.5566 144 11.8133 216 13.0699 288 
18 33.0496 288 34.3062 0 35.5628 72 36.8195 144 
19 31.7929 216 33.0496 288 
20 34.0496 288 35.3062 0 36.5628 72 
21 33.7929 216 35.0496 288 36.3062 0 37.5628 72 38.8195 144 
22 34.7929 216 36.0496 288 37.3062 0 
23 12.1 144 13.3566 216 
24 39.8195 144 41.0761 216 42.3327 288 43.5894 0 44.846 72 
25 45.846 72 47.1027 144 48.3593 216 
26 45.5894 0 46.846 72 48.1027 144 49.3593 216 50.6159 288 
27 47.846 72 49.1027 144 
28 14.9 144 16.1566 216 17.4133 288 18.6699 0 19.9265 72 
29 15.3 0 16.5566 72 
30 46.5894 0 47.846 72 
31 47.5894 0 48.846 72 50.1027 144 51.3593 216 
32 49.846 72 51.1027 144 52.3593 216 53.6159 288 54.8726 0 
33 53.3593 216 54.6159 288 55.8726 0 
34 55.6159 288 56.8726 0 58.1292 72 59.3858 144 
35 57.8726 0 59.1292 72 
36 58.8726 0 60.1292 72 61.3858 144 62.6425 216 63.8991 288 
37 61.1292 72 62.3858 144 63.6425 216 
38 63.3858 144 64.6425 216 65.8991 288 67.1557 0 68.4124 72 
39 69.4124 72 70.669 144 71.9257 216 
40 20.9 144 22.1566 216 
41 72.9257 216 74.1823 288 75.4389 0 
42 72.669 144 73.9257 216 75.1823 288 
43 76.1823 288 77.4389 0 78.6956 72 
44 22.6 144 23.8566 216 25.1133 288 26.3699 0 
45 79.6956 72 80.9522 144 82.2088 216 
46 83.2088 216 84.4655 288 85.7221 0 86.9788 72 88.2354 144 
47 87.9788 72 89.2354 144 
48 90.2354 144 91.492 216 
49 88.9788 72 90.2354 144 
50 92.492 216 93.7487 288 95.0053 0 96.2619 72 
51 96.0053 0 97.2619 72 
52 94.7487 288 96.0053 0 
53 93.2354 144 94.492 216 95.7487 288 97.0053 0 98.2619 72 
54 99.2619 72 100.519 144 101.775 216 
55 97.7487 288 99.0053 0 100.262 72 101.519 144 102.775 216 
56 100.005 0 101.262 72 102.519 144 103.775 216 105.032 288 
57 104.775 216 106.032 288 
58 28.6 288 29.8566 0 31.1133 72 
59 104.519 144 105.775 216 107.032 288 
60 102.262 72 103.519 144 
61 103.262 72 104.519 144 
62 104.262 72 105.519 144 106.775 216 108.032 288 109.288 0 
63 107.775 216 109.032 288 
64 110.288 0 111.545 72 
66 106.519 144 107.775 216 
65 110.032 288 111.288 0 112.545 72 113.802 144 
67 109.775 216 111.032 288 112.288 0 113.545 72 
68 113.288 0 114.545 72 115.802 144 117.058 216 
69 114.288 0 115.545 72 116.802 144 
70 116.545 72 117.802 144 119.058 216 
71 118.802 144 120.058 216 121.315 288 122.572 0 
72 122.315 288 123.572 0 124.828 72 126.085 144 
73 122.058 216 123.315 288 124.572 0 125.828 72 127.085 144 
74 128.085 144 129.342 216 130.598 288 
75 127.828 72 129.085 144 130.342 216 131.598 288 132.855 0 
76 132.598 288 133.855 0 135.111 72 136.368 144 
77 136.111 72 137.368 144 138.625 216 139.881 288 
78 35.8 144 37.0566 216 38.3133 288 39.5699 0 
79 134.855 0 136.111 72 
80 140.881 288 142.138 0 
81 137.111 72 138.368 144 
82 138.111 72 139.368 144 140.625 216 
83 141.881 288 143.138 0 144.395 72 145.651 144 146.908 216 
84 144.138 0 145.395 72 
85 143.881 288 145.138 0 146.395 72 147.651 144 148.908 216 
86 146.138 0 147.395 72 148.651 144 149.908 216 151.165 288 
87 39.6 72 40.8566 144 42.1133 216 
88 39.7 288 40.9566 0 42.2133 72 43.4699 144 44.7265 216 
89 152.165 288 153.421 0 
90 40.9 288 42.1566 0 
91 153.165 288 154.421 0 155.678 72 156.935 144 
92 42.4 144 43.6566 216 
93 154.165 288 155.421 0 156.678 72 
94 157.935 144 159.191 216 160.448 288 161.704 0 162.961 72 
95 160.191 216 161.448 288 
96 161.191 216 162.448 288 
97 163.961 72 165.218 144 166.474 216 167.731 288 168.988 0 
98 168.731 288 169.988 0 171.244 72 172.501 144 173.758 216 
99 170.988 0 172.244 72 173.501 144 
100 173.244 72 174.501 144 175.758 216 177.014 288 178.271 0 
101 175.501 144 176.758 216 178.014 288 179.271 0 
102 177.758 216 179.014 288 180.271 0 181.527 72 
103 182.527 72 183.784 144 185.041 216 186.297 288 187.554 0 
104 51.9 0 53.1566 72 54.4133 144 55.6699 216 56.9265 288 
105 52.1 72 53.3566 144 54.6133 216 
106 183.527 72 184.784 144 
107 186.041 216 187.297 288 188.554 0 189.811 72 191.067 144 
108 192.067 144 193.324 216 194.581 288 195.837 0 197.094 72 
109 194.324 216 195.581 288 
110 195.324 216 196.581 288 
111 195.067 144 196.324 216 197.581 288 198.837 0 200.094 72 
112 199.837 0 201.094 72 202.35 144 203.607 216 204.864 288 
113 56 72 57.2566 144 58.5133 216 59.7699 288 
114 200.837 0 202.094 72 
115 205.864 288 207.12 0 208.377 72 209.634 144 210.89 216 
116 210.634 144 211.89 216 213.147 288 214.404 0 215.66 72 
117 211.634 144 212.89 216 
118 215.404 0 216.66 72 217.917 144 
119 216.404 0 217.66 72 218.917 144 220.173 216 
120 218.66 72 219.917 144 221.173 216 222.43 288 
121 63.2 0 64.4566 72 65.7133 144 66.9699 216 68.2265 288 
122 220.917 144 222.173 216 223.43 288 224.687 0 
123 223.173 216 224.43 288 225.687 0 226.943 72 
124 221.917 144 223.173 216 
125 227.943 72 229.2 144 230.457 216 231.713 288 
126 231.457 216 232.713 288 233.97 0 
127 233.713 288 234.97 0 
128 68.1 144 69.3566 216 70.6133 288 71.8699 0 
129 234.713 288 235.97 0 
130 236.97 0 238.227 72 239.483 144 240.74 216 241.996 288 
131 239.227 72 240.483 144 241.74 216 
132 240.227 72 241.483 144 242.74 216 243.996 288 
133 243.74 216 244.996 288 246.253 0 247.51 72 248.766 144 
134 247.253 0 248.51 72 249.766 144 251.023 216 
135 75.2 144 76.4566 216 
136 248.253 0 249.51 72 250.766 144 252.023 216 253.28 288 
137 253.023 216 254.28 288 
138 252.766 144 254.023 216 255.28 288 
139 76.4 144 77.6566 216 
140 256.28 288 257.536 0 258.793 72 260.05 144 
141 261.05 144 262.306 216 
142 263.306 216 264.563 288 265.819 0 267.076 72 268.333 144 
143 266.819 0 268.076 72 269.333 144 270.589 216 271.846 288 
144 80.9 288 82.1566 0 83.4133 72 84.6699 144 85.9265 216 
145 269.076 72 270.333 144 271.589 216 
146 268.819 0 270.076 72 271.333 144 272.589 216 273.846 288 
147 81.9 288 83.1566 0 
148 271.076 72 272.333 144 273.589 216 274.846 288 276.103 0 
149 274.589 216 275.846 288 
150 277.103 0 278.359 72 279.616 144 280.873 216 
151 280.616 144 281.873 216 
152 85.3 72 86.5566 144 
153 279.359 72 280.616 144 
154 282.873 216 284.129 288 285.386 0 286.642 72 
155 283.873 216 285.129 288 286.386 0 287.642 72 
156 288.642 72 289.899 144 
157 88 216 89.2566 288 90.5133 0 91.7699 72 
158 288.386 0 289.642 72 290.899 144 292.156 216 
159 293.156 216 294.412 288 
160 292.899 144 294.156 216 295.412 288 296.669 0 
161 293.899 144 295.156 216 296.412 288 297.669 0 298.926 72 
162 297.412 288 298.669 0 299.926 72 301.182 144 302.439 216 
163 300.926 72 302.182 144 303.439 216 304.696 288 305.952 0 
165 306.952 0 308.209 72 309.465 144 
164 309.209 72 310.465 144 311.722 216 
166 311.465 144 312.722 216 313.979 288 315.235 0 
167 314.979 288 316.235 0 317.492 72 
168 318.492 72 319.749 144 321.005 216 322.262 288 
169 323.262 288 324.519 0 325.775 72 327.032 144 328.288 216 
170 325.519 0 326.775 72 
171 326.519 0 327.775 72 329.032 144 
172 328.775 72 330.032 144 331.288 216 
173 329.775 72 331.032 144 332.288 216 
174 330.775 72 332.032 144 333.288 216 334.545 288 335.802 0 
175 331.775 72 333.032 144 334.288 216 335.545 288 
176 336.545 288 337.802 0 339.058 72 
178 337.545 288 338.802 0 340.058 72 341.315 144 342.572 216 
177 338.545 288 339.802 0 341.058 72 342.315 144 343.572 216 
179 340.802 0 342.058 72 343.315 144 344.572 216 345.828 288 
180 99 216 100.257 288 
181 345.572 216 346.828 288 348.085 0 349.342 72 
182 99.3 144 100.557 216 101.813 288 
183 347.828 288 349.085 0 
184 350.085 0 351.342 72 352.598 144 
185 353.598 144 354.855 216 356.111 288 357.368 0 
186 353.342 72 354.598 144 355.855 216 357.111 288 358.368 0 
187 355.598 144 356.855 216 358.111 288 359.368 0 360.625 72 
188 356.598 144 357.855 216 359.111 288 360.368 0 361.625 72 
189 361.368 0 362.625 72 
190 357.598 144 358.855 216 360.111 288 361.368 0 
191 363.625 72 364.881 144 366.138 216 367.395 288 
192 363.368 0 364.625 72 365.881 144 367.138 216 368.395 288 
193 369.395 288 370.651 0 371.908 72 
194 105.4 0 106.657 72 107.913 144 
195 371.651 0 372.908 72 
196 373.908 72 375.165 144 376.421 216 
197 373.651 0 374.908 72 376.165 144 377.421 216 378.678 288 
198 379.678 288 380.934 0 382.191 72 
199 378.421 216 379.678 288 
200 380.678 288 381.934 0 
