200
1 1 180 2.5708 270 4.14159 0 
2 2 180 3.5708 270 5.14159 0 6.71239 90 
3 1.4292 90 3 180 4.5708 270 
4 2.4292 90 4 180 5.5708 270 7.14159 0 
5 5 180 6.5708 270 8.14159 0 
6 6 180 7.5708 270 
7 7 180 8.5708 270 10.1416 0 11.7124 90 
8 8 180 9.5708 270 
9 9.5708 270 11.1416 0 
10 7.42921 90 9 180 10.5708 270 12.1416 0 
11 11.5708 270 13.1416 0 
12 7.6 0 9.1708 90 10.7416 180 
13 10.1708 90 11.7416 180 13.3124 270 14.8832 0 
14 11.1708 90 12.7416 180 14.3124 270 15.8832 0 
15 15.3124 270 16.8832 0 18.454 90 20.0248 180 
16 11.1416 0 12.7124 90 14.2832 180 
17 13.7124 90 15.2832 180 16.854 270 
18 12.1416 0 13.7124 90 
19 16.3124 270 17.8832 0 
20 13.1416 0 14.7124 90 16.2832 180 
21 17.3124 270 18.8832 0 20.454 90 22.0248 180 
22 18.3124 270 19.8832 0 21.454 90 23.0248 180 
23 14.1416 0 15.7124 90 17.2832 180 
24 19.3124 270 20.8832 0 22.454 90 
25 15.1416 0 16.7124 90 
26 21.8832 0 23.454 90 25.0248 180 
27 16.7124 90 18.2832 180 19.854 270 
28 19.2832 180 20.854 270 22.4248 0 
29 20.2832 180 21.854 270 23.4248 0 24.9956 90 
30 24.454 90 26.0248 180 
31 25.454 90 27.0248 180 28.5956 270 30.1664 0 
32 24.4248 0 25.9956 90 
33 26.454 90 28.0248 180 29.5956 270 31.1664 0 
34 24.3124 270 25.8832 0 27.454 90 29.0248 180 
35 25.3124 270 26.8832 0 
36 21.2832 180 22.854 270 24.4248 0 
37 26.3124 270 27.8832 0 
38 25.7416 180 27.3124 270 28.8832 0 
39 28.454 90 30.0248 180 31.5956 270 
40 29.454 90 31.0248 180 32.5956 270 34.1664 0 
41 29.0248 180 30.5956 270 32.1664 0 
42 32.0248 180 33.5956 270 35.1664 0 36.7372 90 
43 33.0248 180 34.5956 270 
44 34.5956 270 36.1664 0 37.7372 90 39.308 180 
45 30.454 90 32.0248 180 
46 34.0248 180 35.5956 270 37.1664 0 38.7372 90 
47 36.5956 270 38.1664 0 
48 36.0248 180 37.5956 270 39.1664 0 
49 38.5956 270 40.1664 0 
50 31.454 90 33.0248 180 
51 38.0248 180 39.5956 270 41.1664 0 
52 33.454 90 35.0248 180 36.5956 270 
53 39.0248 180 40.5956 270 42.1664 0 43.7372 90 
54 33.8832 0 35.454 90 37.0248 180 38.5956 270 
55 38.1664 0 39.7372 90 41.308 180 
56 38.7372 90 40.308 180 41.8788 270 
57 41.5956 270 43.1664 0 44.7372 90 
58 39.1664 0 40.7372 90 42.308 180 43.8788 270 
59 40.1664 0 41.7372 90 
60 41.1664 0 42.7372 90 44.308 180 
61 44.1664 0 45.7372 90 47.308 180 
62 45.1664 0 46.7372 90 48.308 180 49.8788 270 
63 46.1664 0 47.7372 90 49.308 180 
64 43.308 180 44.8788 270 46.4496 0 
65 47.1664 0 48.7372 90 50.308 180 51.8788 270 
66 48.1664 0 49.7372 90 51.308 180 52.8788 270 
67 44.308 180 45.8788 270 
68 43.7372 90 45.308 180 46.8788 270 
69 42.5956 270 44.1664 0 
70 47.5956 270 49.1664 0 50.7372 90 52.308 180 
71 48.5956 270 50.1664 0 
72 49.5956 270 51.1664 0 52.7372 90 
73 46.308 180 47.8788 270 
74 44.7372 90 46.308 180 
75 52.308 180 53.8788 270 55.4496 0 
76 51.7372 90 53.308 180 
77 50.5956 270 52.1664 0 53.7372 90 
78 51.5956 270 53.1664 0 
79 52.5956 270 54.1664 0 
80 54.8788 270 56.4496 0 
81 55.8788 270 57.4496 0 
82 53.1664 0 54.7372 90 
83 56.8788 270 58.4496 0 
84 54.1664 0 55.7372 90 57.308 180 58.8788 270 
85 55.1664 0 56.7372 90 58.308 180 59.8788 270 
86 57.8788 270 59.4496 0 61.0204 90 
87 59.308 180 60.8788 270 62.4496 0 
88 58.8788 270 60.4496 0 62.0204 90 
89 59.8788 270 61.4496 0 63.0204 90 64.5912 180 
90 60.308 180 61.8788 270 63.4496 0 
91 56.1664 0 57.7372 90 59.308 180 
92 61.308 180 62.8788 270 64.4496 0 
93 63.8788 270 65.4496 0 67.0204 90 
94 57.1664 0 58.7372 90 
95 58.1664 0 59.7372 90 61.308 180 
96 62.4496 0 64.0204 90 
97 63.4496 0 65.0204 90 66.5912 180 
98 61.7372 90 63.308 180 64.8788 270 66.4496 0 
99 62.308 180 63.8788 270 
100 66.0204 90 67.5912 180 69.162 270 70.7328 0 
101 66.4496 0 68.0204 90 69.5912 180 71.162 270 
102 67.4496 0 69.0204 90 
103 66.8788 270 68.4496 0 70.0204 90 71.5912 180 
104 67.0204 90 68.5912 180 70.162 270 
105 66.308 180 67.8788 270 69.4496 0 71.0204 90 
106 70.5912 180 72.162 270 73.7328 0 
107 70.162 270 71.7328 0 73.3036 90 
108 71.162 270 72.7328 0 
109 73.162 270 74.7328 0 76.3036 90 77.8744 180 
110 74.162 270 75.7328 0 77.3036 90 
111 70.4496 0 72.0204 90 
112 71.0204 90 72.5912 180 74.162 270 
113 71.5912 180 73.162 270 
114 72.0204 90 73.5912 180 75.162 270 
115 74.5912 180 76.162 270 77.7328 0 
116 75.162 270 76.7328 0 78.3036 90 
117 77.162 270 78.7328 0 80.3036 90 81.8744 180 
118 76.5912 180 78.162 270 79.7328 0 81.3036 90 
119 79.162 270 80.7328 0 82.3036 90 83.8744 180 
120 80.162 270 81.7328 0 83.3036 90 
121 79.5912 180 81.162 270 82.7328 0 
122 80.5912 180 82.162 270 83.7328 0 85.3036 90 
123 83.162 270 84.7328 0 86.3036 90 
124 81.5912 180 83.162 270 
125 84.162 270 85.7328 0 87.3036 90 88.8744 180 
126 74.0204 90 75.5912 180 77.162 270 
127 73.4496 0 75.0204 90 76.5912 180 
128 85.162 270 86.7328 0 88.3036 90 
129 86.162 270 87.7328 0 
130 82.5912 180 84.162 270 
131 77.7328 0 79.3036 90 80.8744 180 
132 87.7328 0 89.3036 90 
133 87.162 270 88.7328 0 90.3036 90 91.8744 180 
134 86.5912 180 88.162 270 89.7328 0 91.3036 90 
135 87.5912 180 89.162 270 90.7328 0 
136 90.7328 0 92.3036 90 93.8744 180 95.4452 270 
137 90.162 270 91.7328 0 93.3036 90 94.8744 180 
138 88.5912 180 90.162 270 
139 88.3036 90 89.8744 180 91.4452 270 93.016 0 
140 92.4452 270 94.016 0 95.5868 90 
141 91.3036 90 92.8744 180 94.4452 270 96.016 0 
142 92.7328 0 94.3036 90 95.8744 180 
143 95.3036 90 96.8744 180 98.4452 270 
144 95.016 0 96.5868 90 98.1576 180 
145 97.5868 90 99.1576 180 100.728 270 
146 98.5868 90 100.158 180 
147 99.5868 90 101.158 180 102.728 270 
148 93.4452 270 95.016 0 
149 95.4452 270 97.016 0 98.5868 90 
150 99.016 0 100.587 90 102.158 180 
151 100.016 0 101.587 90 
152 96.4452 270 98.016 0 
153 101.587 90 103.158 180 104.728 270 
154 102.587 90 104.158 180 105.728 270 
155 97.8744 180 99.4452 270 101.016 0 102.587 90 
156 102.016 0 103.587 90 105.158 180 
157 104.587 90 106.158 180 107.728 270 109.299 0 
158 102.158 180 103.728 270 
159 105.158 180 106.728 270 108.299 0 109.87 90 
160 107.158 180 108.728 270 
161 103.016 0 104.587 90 
162 106.587 90 108.158 180 109.728 270 
163 109.158 180 110.728 270 
164 107.016 0 108.587 90 110.158 180 111.728 270 
165 107.587 90 109.158 180 
166 109.299 0 110.87 90 112.441 180 114.012 270 
167 111.158 180 112.728 270 114.299 0 115.87 90 
168 111.87 90 113.441 180 115.012 270 
169 97.4452 270 99.016 0 
170 111.299 0 112.87 90 114.441 180 116.012 270 
171 115.441 180 117.012 270 118.582 0 120.153 90 
172 116.441 180 118.012 270 
173 113.87 90 115.441 180 
174 114.87 90 116.441 180 
175 115.87 90 117.441 180 
176 115.299 0 116.87 90 118.441 180 
177 116.299 0 117.87 90 119.441 180 121.012 270 
178 102.445 270 104.016 0 105.587 90 107.158 180 
179 117.299 0 118.87 90 120.441 180 
180 119.87 90 121.441 180 123.012 270 124.582 0 
181 119.582 0 121.153 90 122.724 180 124.295 270 
182 119.012 270 120.582 0 122.153 90 123.724 180 
183 120.012 270 121.582 0 
184 117.441 180 119.012 270 
185 123.724 180 125.295 270 126.866 0 128.436 90 
186 121.012 270 122.582 0 124.153 90 125.724 180 
187 124.724 180 126.295 270 127.866 0 
188 122.012 270 123.582 0 125.153 90 126.724 180 
189 124.012 270 125.582 0 127.153 90 128.724 180 
190 126.153 90 127.724 180 129.295 270 130.866 0 
191 128.153 90 129.724 180 131.295 270 
192 127.295 270 128.866 0 130.436 90 132.007 180 
193 128.724 180 130.295 270 131.866 0 
194 130.724 180 132.295 270 
195 131.295 270 132.866 0 
196 129.153 90 130.724 180 
197 131.724 180 133.295 270 134.866 0 136.436 90 
198 131.436 90 133.007 180 134.578 270 136.149 0 
199 134.007 180 135.578 270 
200 133.436 90 135.007 180 136.578 270 
