30
1 0.1 72 1.35664 144 2.61327 216 3.86991 288 
2 0.3 0 1.55664 72 2.81327 144 
3 1 288 2.25664 0 3.51327 72 4.76991 144 
4 3.25664 0 4.51327 72 5.76991 144 
5 3.61327 216 4.86991 288 6.12655 0 7.38319 72 
6 4.61327 216 5.86991 288 7.12655 0 8.38319 72 9.63982 144 
7 4.25664 0 5.51327 72 6.76991 144 8.02655 216 9.28319 288 
8 8.12655 0 9.38319 72 10.6398 144 11.8965 216 13.1531 288 
9 7.86991 288 9.12655 0 10.3832 72 11.6398 144 
10 10.1265 0 11.3832 72 12.6398 144 13.8965 216 
11 11.1265 0 12.3832 72 13.6398 144 14.8965 216 
12 8.10091 144 9.35755 216 10.6142 288 13.123 0 14.3796 72 
13 14.123 0 15.3796 72 16.6363 144 
14 5.61327 216 6.86991 288 8.12655 0 
15 13.6106 288 16.1194 0 17.3761 72 18.6327 144 19.8894 216 
16 13.354 216 15.6071 288 18.1159 0 
17 17.6035 288 20.1123 0 21.369 72 22.6256 144 23.8823 216 
18 17.1204 0 18.3771 72 19.6337 144 20.8904 216 
19 9.10091 144 10.3575 216 11.6142 288 
20 19.6 288 22.1088 0 23.3654 72 24.6221 144 25.8787 216 
21 13.3832 72 14.6398 144 
22 25.6221 144 26.8787 216 29.1318 288 
23 26.6221 144 28.6717 216 30.9247 288 33.4336 0 
24 19.0879 216 21.5964 288 24.1052 0 25.3619 72 
25 28.2531 144 30.4646 216 32.9212 288 35.43 0 36.6866 72 
26 23.5929 288 26.1017 0 
27 25.5893 288 28.0981 0 29.3548 72 30.6114 144 
28 27.5858 288 30.0946 0 31.3512 72 
29 36.43 0 37.6866 72 38.9433 144 41.1548 216 
30 38.6866 72 40.7032 144 42.9147 216 45.3713 288 47.8801 0 
